2023-07-15 08:09:29,178 [INFO] autoreload - Watching for file changes with StatReloader
2023-07-15 08:09:31,849 [WARNING] log - Not Found: /
2023-07-15 08:09:31,948 [WARNING] log - Not Found: /favicon.ico
2023-07-15 08:09:39,261 [WARNING] log - Not Found: /register/
2023-07-15 08:09:47,041 [WARNING] base - Session data corrupted
2023-07-15 08:09:47,262 [WARNING] log - Method Not Allowed: /api/register/
2023-07-15 08:10:28,042 [WARNING] base - Session data corrupted
2023-07-15 08:10:28,042 [DEBUG] api_views - RegisterView - create method called
2023-07-15 08:11:00,390 [WARNING] base - Session data corrupted
2023-07-15 08:11:00,396 [WARNING] log - Method Not Allowed: /api/login/
2023-07-15 08:11:10,140 [WARNING] base - Session data corrupted
2023-07-15 08:11:10,142 [DEBUG] api_views - LoginView - post method called
2023-07-15 08:11:21,112 [DEBUG] api_views - UserDetailView - get method called
2023-07-15 08:11:46,367 [DEBUG] api_views - ProfessorDetailView - get method called
2023-07-15 08:12:26,862 [WARNING] log - Method Not Allowed: /api/logout/
2023-07-15 08:12:28,335 [DEBUG] api_views - LogoutView - post method called
2023-07-15 08:12:34,043 [WARNING] log - Not Found: /api/admin
2023-07-15 08:14:29,521 [INFO] autoreload - /home/user/uniproject/academic/models.py changed, reloading.
2023-07-15 08:14:30,005 [INFO] autoreload - Watching for file changes with StatReloader
2023-07-15 08:15:23,430 [INFO] autoreload - Watching for file changes with StatReloader
2023-07-15 08:23:02,002 [ERROR] log - Internal Server Error: /admin/user/professor/
Traceback (most recent call last):
  File "/home/user/uniproject/venv/lib/python3.8/site-packages/django/db/models/options.py", line 681, in get_field
    return self.fields_map[field_name]
KeyError: 'get_classes'

During handling of the above exception, another exception occurred:

Traceback (most recent call last):
  File "/home/user/uniproject/venv/lib/python3.8/site-packages/django/contrib/admin/utils.py", line 272, in lookup_field
    f = _get_non_gfk_field(opts, name)
  File "/home/user/uniproject/venv/lib/python3.8/site-packages/django/contrib/admin/utils.py", line 303, in _get_non_gfk_field
    field = opts.get_field(name)
  File "/home/user/uniproject/venv/lib/python3.8/site-packages/django/db/models/options.py", line 683, in get_field
    raise FieldDoesNotExist(
django.core.exceptions.FieldDoesNotExist: Professor has no field named 'get_classes'

During handling of the above exception, another exception occurred:

Traceback (most recent call last):
  File "/home/user/uniproject/venv/lib/python3.8/site-packages/django/core/handlers/exception.py", line 55, in inner
    response = get_response(request)
  File "/home/user/uniproject/venv/lib/python3.8/site-packages/django/core/handlers/base.py", line 220, in _get_response
    response = response.render()
  File "/home/user/uniproject/venv/lib/python3.8/site-packages/django/template/response.py", line 114, in render
    self.content = self.rendered_content
  File "/home/user/uniproject/venv/lib/python3.8/site-packages/django/template/response.py", line 92, in rendered_content
    return template.render(context, self._request)
  File "/home/user/uniproject/venv/lib/python3.8/site-packages/django/template/backends/django.py", line 61, in render
    return self.template.render(context)
  File "/home/user/uniproject/venv/lib/python3.8/site-packages/django/template/base.py", line 175, in render
    return self._render(context)
  File "/home/user/uniproject/venv/lib/python3.8/site-packages/django/template/base.py", line 167, in _render
    return self.nodelist.render(context)
  File "/home/user/uniproject/venv/lib/python3.8/site-packages/django/template/base.py", line 1005, in render
    return SafeString("".join([node.render_annotated(context) for node in self]))
  File "/home/user/uniproject/venv/lib/python3.8/site-packages/django/template/base.py", line 1005, in <listcomp>
    return SafeString("".join([node.render_annotated(context) for node in self]))
  File "/home/user/uniproject/venv/lib/python3.8/site-packages/django/template/base.py", line 966, in render_annotated
    return self.render(context)
  File "/home/user/uniproject/venv/lib/python3.8/site-packages/django/template/loader_tags.py", line 157, in render
    return compiled_parent._render(context)
  File "/home/user/uniproject/venv/lib/python3.8/site-packages/django/template/base.py", line 167, in _render
    return self.nodelist.render(context)
  File "/home/user/uniproject/venv/lib/python3.8/site-packages/django/template/base.py", line 1005, in render
    return SafeString("".join([node.render_annotated(context) for node in self]))
  File "/home/user/uniproject/venv/lib/python3.8/site-packages/django/template/base.py", line 1005, in <listcomp>
    return SafeString("".join([node.render_annotated(context) for node in self]))
  File "/home/user/uniproject/venv/lib/python3.8/site-packages/django/template/base.py", line 966, in render_annotated
    return self.render(context)
  File "/home/user/uniproject/venv/lib/python3.8/site-packages/django/template/loader_tags.py", line 157, in render
    return compiled_parent._render(context)
  File "/home/user/uniproject/venv/lib/python3.8/site-packages/django/template/base.py", line 167, in _render
    return self.nodelist.render(context)
  File "/home/user/uniproject/venv/lib/python3.8/site-packages/django/template/base.py", line 1005, in render
    return SafeString("".join([node.render_annotated(context) for node in self]))
  File "/home/user/uniproject/venv/lib/python3.8/site-packages/django/template/base.py", line 1005, in <listcomp>
    return SafeString("".join([node.render_annotated(context) for node in self]))
  File "/home/user/uniproject/venv/lib/python3.8/site-packages/django/template/base.py", line 966, in render_annotated
    return self.render(context)
  File "/home/user/uniproject/venv/lib/python3.8/site-packages/django/template/loader_tags.py", line 63, in render
    result = block.nodelist.render(context)
  File "/home/user/uniproject/venv/lib/python3.8/site-packages/django/template/base.py", line 1005, in render
    return SafeString("".join([node.render_annotated(context) for node in self]))
  File "/home/user/uniproject/venv/lib/python3.8/site-packages/django/template/base.py", line 1005, in <listcomp>
    return SafeString("".join([node.render_annotated(context) for node in self]))
  File "/home/user/uniproject/venv/lib/python3.8/site-packages/django/template/base.py", line 966, in render_annotated
    return self.render(context)
  File "/home/user/uniproject/venv/lib/python3.8/site-packages/django/template/loader_tags.py", line 63, in render
    result = block.nodelist.render(context)
  File "/home/user/uniproject/venv/lib/python3.8/site-packages/django/template/base.py", line 1005, in render
    return SafeString("".join([node.render_annotated(context) for node in self]))
  File "/home/user/uniproject/venv/lib/python3.8/site-packages/django/template/base.py", line 1005, in <listcomp>
    return SafeString("".join([node.render_annotated(context) for node in self]))
  File "/home/user/uniproject/venv/lib/python3.8/site-packages/django/template/base.py", line 966, in render_annotated
    return self.render(context)
  File "/home/user/uniproject/venv/lib/python3.8/site-packages/django/contrib/admin/templatetags/base.py", line 45, in render
    return super().render(context)
  File "/home/user/uniproject/venv/lib/python3.8/site-packages/django/template/library.py", line 258, in render
    _dict = self.func(*resolved_args, **resolved_kwargs)
  File "/home/user/uniproject/venv/lib/python3.8/site-packages/django/contrib/admin/templatetags/admin_list.py", line 336, in result_list
    "results": list(results(cl)),
  File "/home/user/uniproject/venv/lib/python3.8/site-packages/django/contrib/admin/templatetags/admin_list.py", line 312, in results
    yield ResultList(None, items_for_result(cl, res, None))
  File "/home/user/uniproject/venv/lib/python3.8/site-packages/django/contrib/admin/templatetags/admin_list.py", line 303, in __init__
    super().__init__(*items)
  File "/home/user/uniproject/venv/lib/python3.8/site-packages/django/contrib/admin/templatetags/admin_list.py", line 213, in items_for_result
    f, attr, value = lookup_field(field_name, result, cl.model_admin)
  File "/home/user/uniproject/venv/lib/python3.8/site-packages/django/contrib/admin/utils.py", line 281, in lookup_field
    value = attr(obj)
  File "/home/user/uniproject/user/admin.py", line 48, in get_classes
    return obj.classes.name if obj.classes else '-'
AttributeError: 'Class' object has no attribute 'name'
2023-07-15 08:27:08,810 [INFO] autoreload - /home/user/uniproject/user/admin.py changed, reloading.
2023-07-15 08:27:09,262 [INFO] autoreload - Watching for file changes with StatReloader
2023-07-15 08:27:10,577 [ERROR] log - Internal Server Error: /admin/user/professor/
Traceback (most recent call last):
  File "/home/user/uniproject/venv/lib/python3.8/site-packages/django/db/models/options.py", line 681, in get_field
    return self.fields_map[field_name]
KeyError: 'get_classes'

During handling of the above exception, another exception occurred:

Traceback (most recent call last):
  File "/home/user/uniproject/venv/lib/python3.8/site-packages/django/contrib/admin/utils.py", line 272, in lookup_field
    f = _get_non_gfk_field(opts, name)
  File "/home/user/uniproject/venv/lib/python3.8/site-packages/django/contrib/admin/utils.py", line 303, in _get_non_gfk_field
    field = opts.get_field(name)
  File "/home/user/uniproject/venv/lib/python3.8/site-packages/django/db/models/options.py", line 683, in get_field
    raise FieldDoesNotExist(
django.core.exceptions.FieldDoesNotExist: Professor has no field named 'get_classes'

During handling of the above exception, another exception occurred:

Traceback (most recent call last):
  File "/home/user/uniproject/venv/lib/python3.8/site-packages/django/core/handlers/exception.py", line 55, in inner
    response = get_response(request)
  File "/home/user/uniproject/venv/lib/python3.8/site-packages/django/core/handlers/base.py", line 220, in _get_response
    response = response.render()
  File "/home/user/uniproject/venv/lib/python3.8/site-packages/django/template/response.py", line 114, in render
    self.content = self.rendered_content
  File "/home/user/uniproject/venv/lib/python3.8/site-packages/django/template/response.py", line 92, in rendered_content
    return template.render(context, self._request)
  File "/home/user/uniproject/venv/lib/python3.8/site-packages/django/template/backends/django.py", line 61, in render
    return self.template.render(context)
  File "/home/user/uniproject/venv/lib/python3.8/site-packages/django/template/base.py", line 175, in render
    return self._render(context)
  File "/home/user/uniproject/venv/lib/python3.8/site-packages/django/template/base.py", line 167, in _render
    return self.nodelist.render(context)
  File "/home/user/uniproject/venv/lib/python3.8/site-packages/django/template/base.py", line 1005, in render
    return SafeString("".join([node.render_annotated(context) for node in self]))
  File "/home/user/uniproject/venv/lib/python3.8/site-packages/django/template/base.py", line 1005, in <listcomp>
    return SafeString("".join([node.render_annotated(context) for node in self]))
  File "/home/user/uniproject/venv/lib/python3.8/site-packages/django/template/base.py", line 966, in render_annotated
    return self.render(context)
  File "/home/user/uniproject/venv/lib/python3.8/site-packages/django/template/loader_tags.py", line 157, in render
    return compiled_parent._render(context)
  File "/home/user/uniproject/venv/lib/python3.8/site-packages/django/template/base.py", line 167, in _render
    return self.nodelist.render(context)
  File "/home/user/uniproject/venv/lib/python3.8/site-packages/django/template/base.py", line 1005, in render
    return SafeString("".join([node.render_annotated(context) for node in self]))
  File "/home/user/uniproject/venv/lib/python3.8/site-packages/django/template/base.py", line 1005, in <listcomp>
    return SafeString("".join([node.render_annotated(context) for node in self]))
  File "/home/user/uniproject/venv/lib/python3.8/site-packages/django/template/base.py", line 966, in render_annotated
    return self.render(context)
  File "/home/user/uniproject/venv/lib/python3.8/site-packages/django/template/loader_tags.py", line 157, in render
    return compiled_parent._render(context)
  File "/home/user/uniproject/venv/lib/python3.8/site-packages/django/template/base.py", line 167, in _render
    return self.nodelist.render(context)
  File "/home/user/uniproject/venv/lib/python3.8/site-packages/django/template/base.py", line 1005, in render
    return SafeString("".join([node.render_annotated(context) for node in self]))
  File "/home/user/uniproject/venv/lib/python3.8/site-packages/django/template/base.py", line 1005, in <listcomp>
    return SafeString("".join([node.render_annotated(context) for node in self]))
  File "/home/user/uniproject/venv/lib/python3.8/site-packages/django/template/base.py", line 966, in render_annotated
    return self.render(context)
  File "/home/user/uniproject/venv/lib/python3.8/site-packages/django/template/loader_tags.py", line 63, in render
    result = block.nodelist.render(context)
  File "/home/user/uniproject/venv/lib/python3.8/site-packages/django/template/base.py", line 1005, in render
    return SafeString("".join([node.render_annotated(context) for node in self]))
  File "/home/user/uniproject/venv/lib/python3.8/site-packages/django/template/base.py", line 1005, in <listcomp>
    return SafeString("".join([node.render_annotated(context) for node in self]))
  File "/home/user/uniproject/venv/lib/python3.8/site-packages/django/template/base.py", line 966, in render_annotated
    return self.render(context)
  File "/home/user/uniproject/venv/lib/python3.8/site-packages/django/template/loader_tags.py", line 63, in render
    result = block.nodelist.render(context)
  File "/home/user/uniproject/venv/lib/python3.8/site-packages/django/template/base.py", line 1005, in render
    return SafeString("".join([node.render_annotated(context) for node in self]))
  File "/home/user/uniproject/venv/lib/python3.8/site-packages/django/template/base.py", line 1005, in <listcomp>
    return SafeString("".join([node.render_annotated(context) for node in self]))
  File "/home/user/uniproject/venv/lib/python3.8/site-packages/django/template/base.py", line 966, in render_annotated
    return self.render(context)
  File "/home/user/uniproject/venv/lib/python3.8/site-packages/django/contrib/admin/templatetags/base.py", line 45, in render
    return super().render(context)
  File "/home/user/uniproject/venv/lib/python3.8/site-packages/django/template/library.py", line 258, in render
    _dict = self.func(*resolved_args, **resolved_kwargs)
  File "/home/user/uniproject/venv/lib/python3.8/site-packages/django/contrib/admin/templatetags/admin_list.py", line 336, in result_list
    "results": list(results(cl)),
  File "/home/user/uniproject/venv/lib/python3.8/site-packages/django/contrib/admin/templatetags/admin_list.py", line 312, in results
    yield ResultList(None, items_for_result(cl, res, None))
  File "/home/user/uniproject/venv/lib/python3.8/site-packages/django/contrib/admin/templatetags/admin_list.py", line 303, in __init__
    super().__init__(*items)
  File "/home/user/uniproject/venv/lib/python3.8/site-packages/django/contrib/admin/templatetags/admin_list.py", line 213, in items_for_result
    f, attr, value = lookup_field(field_name, result, cl.model_admin)
  File "/home/user/uniproject/venv/lib/python3.8/site-packages/django/contrib/admin/utils.py", line 281, in lookup_field
    value = attr(obj)
  File "/home/user/uniproject/user/admin.py", line 48, in get_classes
    return ', '.join(cls.course.name for cls in obj.class_set.all()) if obj.class_set.exists() else '-'
AttributeError: 'Professor' object has no attribute 'class_set'
2023-07-15 08:27:44,271 [INFO] autoreload - /home/user/uniproject/user/admin.py changed, reloading.
2023-07-15 08:27:44,638 [INFO] autoreload - Watching for file changes with StatReloader
2023-07-15 08:38:53,581 [INFO] autoreload - Watching for file changes with StatReloader
2023-07-15 08:38:55,925 [WARNING] log - Not Found: /
2023-07-15 08:38:56,222 [WARNING] log - Not Found: /favicon.ico
2023-07-15 08:49:36,099 [INFO] autoreload - /home/user/uniproject/user/admin.py changed, reloading.
2023-07-15 08:49:36,448 [INFO] autoreload - Watching for file changes with StatReloader
2023-07-15 08:49:40,220 [ERROR] log - Internal Server Error: /admin/user/professor/
Traceback (most recent call last):
  File "/home/user/uniproject/venv/lib/python3.8/site-packages/django/db/models/options.py", line 681, in get_field
    return self.fields_map[field_name]
KeyError: 'get_classes'

During handling of the above exception, another exception occurred:

Traceback (most recent call last):
  File "/home/user/uniproject/venv/lib/python3.8/site-packages/django/contrib/admin/utils.py", line 272, in lookup_field
    f = _get_non_gfk_field(opts, name)
  File "/home/user/uniproject/venv/lib/python3.8/site-packages/django/contrib/admin/utils.py", line 303, in _get_non_gfk_field
    field = opts.get_field(name)
  File "/home/user/uniproject/venv/lib/python3.8/site-packages/django/db/models/options.py", line 683, in get_field
    raise FieldDoesNotExist(
django.core.exceptions.FieldDoesNotExist: Professor has no field named 'get_classes'

During handling of the above exception, another exception occurred:

Traceback (most recent call last):
  File "/home/user/uniproject/venv/lib/python3.8/site-packages/django/core/handlers/exception.py", line 55, in inner
    response = get_response(request)
  File "/home/user/uniproject/venv/lib/python3.8/site-packages/django/core/handlers/base.py", line 220, in _get_response
    response = response.render()
  File "/home/user/uniproject/venv/lib/python3.8/site-packages/django/template/response.py", line 114, in render
    self.content = self.rendered_content
  File "/home/user/uniproject/venv/lib/python3.8/site-packages/django/template/response.py", line 92, in rendered_content
    return template.render(context, self._request)
  File "/home/user/uniproject/venv/lib/python3.8/site-packages/django/template/backends/django.py", line 61, in render
    return self.template.render(context)
  File "/home/user/uniproject/venv/lib/python3.8/site-packages/django/template/base.py", line 175, in render
    return self._render(context)
  File "/home/user/uniproject/venv/lib/python3.8/site-packages/django/template/base.py", line 167, in _render
    return self.nodelist.render(context)
  File "/home/user/uniproject/venv/lib/python3.8/site-packages/django/template/base.py", line 1005, in render
    return SafeString("".join([node.render_annotated(context) for node in self]))
  File "/home/user/uniproject/venv/lib/python3.8/site-packages/django/template/base.py", line 1005, in <listcomp>
    return SafeString("".join([node.render_annotated(context) for node in self]))
  File "/home/user/uniproject/venv/lib/python3.8/site-packages/django/template/base.py", line 966, in render_annotated
    return self.render(context)
  File "/home/user/uniproject/venv/lib/python3.8/site-packages/django/template/loader_tags.py", line 157, in render
    return compiled_parent._render(context)
  File "/home/user/uniproject/venv/lib/python3.8/site-packages/django/template/base.py", line 167, in _render
    return self.nodelist.render(context)
  File "/home/user/uniproject/venv/lib/python3.8/site-packages/django/template/base.py", line 1005, in render
    return SafeString("".join([node.render_annotated(context) for node in self]))
  File "/home/user/uniproject/venv/lib/python3.8/site-packages/django/template/base.py", line 1005, in <listcomp>
    return SafeString("".join([node.render_annotated(context) for node in self]))
  File "/home/user/uniproject/venv/lib/python3.8/site-packages/django/template/base.py", line 966, in render_annotated
    return self.render(context)
  File "/home/user/uniproject/venv/lib/python3.8/site-packages/django/template/loader_tags.py", line 157, in render
    return compiled_parent._render(context)
  File "/home/user/uniproject/venv/lib/python3.8/site-packages/django/template/base.py", line 167, in _render
    return self.nodelist.render(context)
  File "/home/user/uniproject/venv/lib/python3.8/site-packages/django/template/base.py", line 1005, in render
    return SafeString("".join([node.render_annotated(context) for node in self]))
  File "/home/user/uniproject/venv/lib/python3.8/site-packages/django/template/base.py", line 1005, in <listcomp>
    return SafeString("".join([node.render_annotated(context) for node in self]))
  File "/home/user/uniproject/venv/lib/python3.8/site-packages/django/template/base.py", line 966, in render_annotated
    return self.render(context)
  File "/home/user/uniproject/venv/lib/python3.8/site-packages/django/template/loader_tags.py", line 63, in render
    result = block.nodelist.render(context)
  File "/home/user/uniproject/venv/lib/python3.8/site-packages/django/template/base.py", line 1005, in render
    return SafeString("".join([node.render_annotated(context) for node in self]))
  File "/home/user/uniproject/venv/lib/python3.8/site-packages/django/template/base.py", line 1005, in <listcomp>
    return SafeString("".join([node.render_annotated(context) for node in self]))
  File "/home/user/uniproject/venv/lib/python3.8/site-packages/django/template/base.py", line 966, in render_annotated
    return self.render(context)
  File "/home/user/uniproject/venv/lib/python3.8/site-packages/django/template/loader_tags.py", line 63, in render
    result = block.nodelist.render(context)
  File "/home/user/uniproject/venv/lib/python3.8/site-packages/django/template/base.py", line 1005, in render
    return SafeString("".join([node.render_annotated(context) for node in self]))
  File "/home/user/uniproject/venv/lib/python3.8/site-packages/django/template/base.py", line 1005, in <listcomp>
    return SafeString("".join([node.render_annotated(context) for node in self]))
  File "/home/user/uniproject/venv/lib/python3.8/site-packages/django/template/base.py", line 966, in render_annotated
    return self.render(context)
  File "/home/user/uniproject/venv/lib/python3.8/site-packages/django/contrib/admin/templatetags/base.py", line 45, in render
    return super().render(context)
  File "/home/user/uniproject/venv/lib/python3.8/site-packages/django/template/library.py", line 258, in render
    _dict = self.func(*resolved_args, **resolved_kwargs)
  File "/home/user/uniproject/venv/lib/python3.8/site-packages/django/contrib/admin/templatetags/admin_list.py", line 336, in result_list
    "results": list(results(cl)),
  File "/home/user/uniproject/venv/lib/python3.8/site-packages/django/contrib/admin/templatetags/admin_list.py", line 312, in results
    yield ResultList(None, items_for_result(cl, res, None))
  File "/home/user/uniproject/venv/lib/python3.8/site-packages/django/contrib/admin/templatetags/admin_list.py", line 303, in __init__
    super().__init__(*items)
  File "/home/user/uniproject/venv/lib/python3.8/site-packages/django/contrib/admin/templatetags/admin_list.py", line 213, in items_for_result
    f, attr, value = lookup_field(field_name, result, cl.model_admin)
  File "/home/user/uniproject/venv/lib/python3.8/site-packages/django/contrib/admin/utils.py", line 281, in lookup_field
    value = attr(obj)
  File "/home/user/uniproject/user/admin.py", line 50, in get_classes
    return ', '.join(cls.name for cls in obj.classes.all()) if obj.classes.exists() else '-'
AttributeError: 'Class' object has no attribute 'exists'
2023-07-15 08:50:07,226 [INFO] autoreload - /home/user/uniproject/user/admin.py changed, reloading.
2023-07-15 08:50:07,625 [INFO] autoreload - Watching for file changes with StatReloader
2023-07-15 08:50:18,926 [INFO] autoreload - /home/user/uniproject/user/admin.py changed, reloading.
2023-07-15 08:50:19,224 [INFO] autoreload - Watching for file changes with StatReloader
2023-07-15 08:50:20,861 [ERROR] log - Internal Server Error: /admin/user/professor/
Traceback (most recent call last):
  File "/home/user/uniproject/venv/lib/python3.8/site-packages/django/db/models/options.py", line 681, in get_field
    return self.fields_map[field_name]
KeyError: 'get_classes'

During handling of the above exception, another exception occurred:

Traceback (most recent call last):
  File "/home/user/uniproject/venv/lib/python3.8/site-packages/django/contrib/admin/utils.py", line 272, in lookup_field
    f = _get_non_gfk_field(opts, name)
  File "/home/user/uniproject/venv/lib/python3.8/site-packages/django/contrib/admin/utils.py", line 303, in _get_non_gfk_field
    field = opts.get_field(name)
  File "/home/user/uniproject/venv/lib/python3.8/site-packages/django/db/models/options.py", line 683, in get_field
    raise FieldDoesNotExist(
django.core.exceptions.FieldDoesNotExist: Professor has no field named 'get_classes'

During handling of the above exception, another exception occurred:

Traceback (most recent call last):
  File "/home/user/uniproject/venv/lib/python3.8/site-packages/django/core/handlers/exception.py", line 55, in inner
    response = get_response(request)
  File "/home/user/uniproject/venv/lib/python3.8/site-packages/django/core/handlers/base.py", line 220, in _get_response
    response = response.render()
  File "/home/user/uniproject/venv/lib/python3.8/site-packages/django/template/response.py", line 114, in render
    self.content = self.rendered_content
  File "/home/user/uniproject/venv/lib/python3.8/site-packages/django/template/response.py", line 92, in rendered_content
    return template.render(context, self._request)
  File "/home/user/uniproject/venv/lib/python3.8/site-packages/django/template/backends/django.py", line 61, in render
    return self.template.render(context)
  File "/home/user/uniproject/venv/lib/python3.8/site-packages/django/template/base.py", line 175, in render
    return self._render(context)
  File "/home/user/uniproject/venv/lib/python3.8/site-packages/django/template/base.py", line 167, in _render
    return self.nodelist.render(context)
  File "/home/user/uniproject/venv/lib/python3.8/site-packages/django/template/base.py", line 1005, in render
    return SafeString("".join([node.render_annotated(context) for node in self]))
  File "/home/user/uniproject/venv/lib/python3.8/site-packages/django/template/base.py", line 1005, in <listcomp>
    return SafeString("".join([node.render_annotated(context) for node in self]))
  File "/home/user/uniproject/venv/lib/python3.8/site-packages/django/template/base.py", line 966, in render_annotated
    return self.render(context)
  File "/home/user/uniproject/venv/lib/python3.8/site-packages/django/template/loader_tags.py", line 157, in render
    return compiled_parent._render(context)
  File "/home/user/uniproject/venv/lib/python3.8/site-packages/django/template/base.py", line 167, in _render
    return self.nodelist.render(context)
  File "/home/user/uniproject/venv/lib/python3.8/site-packages/django/template/base.py", line 1005, in render
    return SafeString("".join([node.render_annotated(context) for node in self]))
  File "/home/user/uniproject/venv/lib/python3.8/site-packages/django/template/base.py", line 1005, in <listcomp>
    return SafeString("".join([node.render_annotated(context) for node in self]))
  File "/home/user/uniproject/venv/lib/python3.8/site-packages/django/template/base.py", line 966, in render_annotated
    return self.render(context)
  File "/home/user/uniproject/venv/lib/python3.8/site-packages/django/template/loader_tags.py", line 157, in render
    return compiled_parent._render(context)
  File "/home/user/uniproject/venv/lib/python3.8/site-packages/django/template/base.py", line 167, in _render
    return self.nodelist.render(context)
  File "/home/user/uniproject/venv/lib/python3.8/site-packages/django/template/base.py", line 1005, in render
    return SafeString("".join([node.render_annotated(context) for node in self]))
  File "/home/user/uniproject/venv/lib/python3.8/site-packages/django/template/base.py", line 1005, in <listcomp>
    return SafeString("".join([node.render_annotated(context) for node in self]))
  File "/home/user/uniproject/venv/lib/python3.8/site-packages/django/template/base.py", line 966, in render_annotated
    return self.render(context)
  File "/home/user/uniproject/venv/lib/python3.8/site-packages/django/template/loader_tags.py", line 63, in render
    result = block.nodelist.render(context)
  File "/home/user/uniproject/venv/lib/python3.8/site-packages/django/template/base.py", line 1005, in render
    return SafeString("".join([node.render_annotated(context) for node in self]))
  File "/home/user/uniproject/venv/lib/python3.8/site-packages/django/template/base.py", line 1005, in <listcomp>
    return SafeString("".join([node.render_annotated(context) for node in self]))
  File "/home/user/uniproject/venv/lib/python3.8/site-packages/django/template/base.py", line 966, in render_annotated
    return self.render(context)
  File "/home/user/uniproject/venv/lib/python3.8/site-packages/django/template/loader_tags.py", line 63, in render
    result = block.nodelist.render(context)
  File "/home/user/uniproject/venv/lib/python3.8/site-packages/django/template/base.py", line 1005, in render
    return SafeString("".join([node.render_annotated(context) for node in self]))
  File "/home/user/uniproject/venv/lib/python3.8/site-packages/django/template/base.py", line 1005, in <listcomp>
    return SafeString("".join([node.render_annotated(context) for node in self]))
  File "/home/user/uniproject/venv/lib/python3.8/site-packages/django/template/base.py", line 966, in render_annotated
    return self.render(context)
  File "/home/user/uniproject/venv/lib/python3.8/site-packages/django/contrib/admin/templatetags/base.py", line 45, in render
    return super().render(context)
  File "/home/user/uniproject/venv/lib/python3.8/site-packages/django/template/library.py", line 258, in render
    _dict = self.func(*resolved_args, **resolved_kwargs)
  File "/home/user/uniproject/venv/lib/python3.8/site-packages/django/contrib/admin/templatetags/admin_list.py", line 336, in result_list
    "results": list(results(cl)),
  File "/home/user/uniproject/venv/lib/python3.8/site-packages/django/contrib/admin/templatetags/admin_list.py", line 312, in results
    yield ResultList(None, items_for_result(cl, res, None))
  File "/home/user/uniproject/venv/lib/python3.8/site-packages/django/contrib/admin/templatetags/admin_list.py", line 303, in __init__
    super().__init__(*items)
  File "/home/user/uniproject/venv/lib/python3.8/site-packages/django/contrib/admin/templatetags/admin_list.py", line 213, in items_for_result
    f, attr, value = lookup_field(field_name, result, cl.model_admin)
  File "/home/user/uniproject/venv/lib/python3.8/site-packages/django/contrib/admin/utils.py", line 281, in lookup_field
    value = attr(obj)
  File "/home/user/uniproject/user/admin.py", line 50, in get_classes
    return ', '.join(cls.name for cls in obj.classes.all()) if obj.classes.exists() else '-'
AttributeError: 'Class' object has no attribute 'exists'
2023-07-15 08:51:45,939 [ERROR] log - Internal Server Error: /admin/user/professor/
Traceback (most recent call last):
  File "/home/user/uniproject/venv/lib/python3.8/site-packages/django/db/models/options.py", line 681, in get_field
    return self.fields_map[field_name]
KeyError: 'get_classes'

During handling of the above exception, another exception occurred:

Traceback (most recent call last):
  File "/home/user/uniproject/venv/lib/python3.8/site-packages/django/contrib/admin/utils.py", line 272, in lookup_field
    f = _get_non_gfk_field(opts, name)
  File "/home/user/uniproject/venv/lib/python3.8/site-packages/django/contrib/admin/utils.py", line 303, in _get_non_gfk_field
    field = opts.get_field(name)
  File "/home/user/uniproject/venv/lib/python3.8/site-packages/django/db/models/options.py", line 683, in get_field
    raise FieldDoesNotExist(
django.core.exceptions.FieldDoesNotExist: Professor has no field named 'get_classes'

During handling of the above exception, another exception occurred:

Traceback (most recent call last):
  File "/home/user/uniproject/venv/lib/python3.8/site-packages/django/core/handlers/exception.py", line 55, in inner
    response = get_response(request)
  File "/home/user/uniproject/venv/lib/python3.8/site-packages/django/core/handlers/base.py", line 220, in _get_response
    response = response.render()
  File "/home/user/uniproject/venv/lib/python3.8/site-packages/django/template/response.py", line 114, in render
    self.content = self.rendered_content
  File "/home/user/uniproject/venv/lib/python3.8/site-packages/django/template/response.py", line 92, in rendered_content
    return template.render(context, self._request)
  File "/home/user/uniproject/venv/lib/python3.8/site-packages/django/template/backends/django.py", line 61, in render
    return self.template.render(context)
  File "/home/user/uniproject/venv/lib/python3.8/site-packages/django/template/base.py", line 175, in render
    return self._render(context)
  File "/home/user/uniproject/venv/lib/python3.8/site-packages/django/template/base.py", line 167, in _render
    return self.nodelist.render(context)
  File "/home/user/uniproject/venv/lib/python3.8/site-packages/django/template/base.py", line 1005, in render
    return SafeString("".join([node.render_annotated(context) for node in self]))
  File "/home/user/uniproject/venv/lib/python3.8/site-packages/django/template/base.py", line 1005, in <listcomp>
    return SafeString("".join([node.render_annotated(context) for node in self]))
  File "/home/user/uniproject/venv/lib/python3.8/site-packages/django/template/base.py", line 966, in render_annotated
    return self.render(context)
  File "/home/user/uniproject/venv/lib/python3.8/site-packages/django/template/loader_tags.py", line 157, in render
    return compiled_parent._render(context)
  File "/home/user/uniproject/venv/lib/python3.8/site-packages/django/template/base.py", line 167, in _render
    return self.nodelist.render(context)
  File "/home/user/uniproject/venv/lib/python3.8/site-packages/django/template/base.py", line 1005, in render
    return SafeString("".join([node.render_annotated(context) for node in self]))
  File "/home/user/uniproject/venv/lib/python3.8/site-packages/django/template/base.py", line 1005, in <listcomp>
    return SafeString("".join([node.render_annotated(context) for node in self]))
  File "/home/user/uniproject/venv/lib/python3.8/site-packages/django/template/base.py", line 966, in render_annotated
    return self.render(context)
  File "/home/user/uniproject/venv/lib/python3.8/site-packages/django/template/loader_tags.py", line 157, in render
    return compiled_parent._render(context)
  File "/home/user/uniproject/venv/lib/python3.8/site-packages/django/template/base.py", line 167, in _render
    return self.nodelist.render(context)
  File "/home/user/uniproject/venv/lib/python3.8/site-packages/django/template/base.py", line 1005, in render
    return SafeString("".join([node.render_annotated(context) for node in self]))
  File "/home/user/uniproject/venv/lib/python3.8/site-packages/django/template/base.py", line 1005, in <listcomp>
    return SafeString("".join([node.render_annotated(context) for node in self]))
  File "/home/user/uniproject/venv/lib/python3.8/site-packages/django/template/base.py", line 966, in render_annotated
    return self.render(context)
  File "/home/user/uniproject/venv/lib/python3.8/site-packages/django/template/loader_tags.py", line 63, in render
    result = block.nodelist.render(context)
  File "/home/user/uniproject/venv/lib/python3.8/site-packages/django/template/base.py", line 1005, in render
    return SafeString("".join([node.render_annotated(context) for node in self]))
  File "/home/user/uniproject/venv/lib/python3.8/site-packages/django/template/base.py", line 1005, in <listcomp>
    return SafeString("".join([node.render_annotated(context) for node in self]))
  File "/home/user/uniproject/venv/lib/python3.8/site-packages/django/template/base.py", line 966, in render_annotated
    return self.render(context)
  File "/home/user/uniproject/venv/lib/python3.8/site-packages/django/template/loader_tags.py", line 63, in render
    result = block.nodelist.render(context)
  File "/home/user/uniproject/venv/lib/python3.8/site-packages/django/template/base.py", line 1005, in render
    return SafeString("".join([node.render_annotated(context) for node in self]))
  File "/home/user/uniproject/venv/lib/python3.8/site-packages/django/template/base.py", line 1005, in <listcomp>
    return SafeString("".join([node.render_annotated(context) for node in self]))
  File "/home/user/uniproject/venv/lib/python3.8/site-packages/django/template/base.py", line 966, in render_annotated
    return self.render(context)
  File "/home/user/uniproject/venv/lib/python3.8/site-packages/django/contrib/admin/templatetags/base.py", line 45, in render
    return super().render(context)
  File "/home/user/uniproject/venv/lib/python3.8/site-packages/django/template/library.py", line 258, in render
    _dict = self.func(*resolved_args, **resolved_kwargs)
  File "/home/user/uniproject/venv/lib/python3.8/site-packages/django/contrib/admin/templatetags/admin_list.py", line 336, in result_list
    "results": list(results(cl)),
  File "/home/user/uniproject/venv/lib/python3.8/site-packages/django/contrib/admin/templatetags/admin_list.py", line 312, in results
    yield ResultList(None, items_for_result(cl, res, None))
  File "/home/user/uniproject/venv/lib/python3.8/site-packages/django/contrib/admin/templatetags/admin_list.py", line 303, in __init__
    super().__init__(*items)
  File "/home/user/uniproject/venv/lib/python3.8/site-packages/django/contrib/admin/templatetags/admin_list.py", line 213, in items_for_result
    f, attr, value = lookup_field(field_name, result, cl.model_admin)
  File "/home/user/uniproject/venv/lib/python3.8/site-packages/django/contrib/admin/utils.py", line 281, in lookup_field
    value = attr(obj)
  File "/home/user/uniproject/user/admin.py", line 50, in get_classes
    return ', '.join(cls.name for cls in obj.classes.all()) if obj.classes.exists() else '-'
AttributeError: 'Class' object has no attribute 'exists'
2023-07-15 08:52:10,926 [INFO] autoreload - /home/user/uniproject/user/admin.py changed, reloading.
2023-07-15 08:52:11,294 [INFO] autoreload - Watching for file changes with StatReloader
2023-07-15 08:52:12,769 [ERROR] log - Internal Server Error: /admin/user/professor/
Traceback (most recent call last):
  File "/home/user/uniproject/venv/lib/python3.8/site-packages/django/db/models/options.py", line 681, in get_field
    return self.fields_map[field_name]
KeyError: 'get_classes'

During handling of the above exception, another exception occurred:

Traceback (most recent call last):
  File "/home/user/uniproject/venv/lib/python3.8/site-packages/django/contrib/admin/utils.py", line 272, in lookup_field
    f = _get_non_gfk_field(opts, name)
  File "/home/user/uniproject/venv/lib/python3.8/site-packages/django/contrib/admin/utils.py", line 303, in _get_non_gfk_field
    field = opts.get_field(name)
  File "/home/user/uniproject/venv/lib/python3.8/site-packages/django/db/models/options.py", line 683, in get_field
    raise FieldDoesNotExist(
django.core.exceptions.FieldDoesNotExist: Professor has no field named 'get_classes'

During handling of the above exception, another exception occurred:

Traceback (most recent call last):
  File "/home/user/uniproject/venv/lib/python3.8/site-packages/django/core/handlers/exception.py", line 55, in inner
    response = get_response(request)
  File "/home/user/uniproject/venv/lib/python3.8/site-packages/django/core/handlers/base.py", line 220, in _get_response
    response = response.render()
  File "/home/user/uniproject/venv/lib/python3.8/site-packages/django/template/response.py", line 114, in render
    self.content = self.rendered_content
  File "/home/user/uniproject/venv/lib/python3.8/site-packages/django/template/response.py", line 92, in rendered_content
    return template.render(context, self._request)
  File "/home/user/uniproject/venv/lib/python3.8/site-packages/django/template/backends/django.py", line 61, in render
    return self.template.render(context)
  File "/home/user/uniproject/venv/lib/python3.8/site-packages/django/template/base.py", line 175, in render
    return self._render(context)
  File "/home/user/uniproject/venv/lib/python3.8/site-packages/django/template/base.py", line 167, in _render
    return self.nodelist.render(context)
  File "/home/user/uniproject/venv/lib/python3.8/site-packages/django/template/base.py", line 1005, in render
    return SafeString("".join([node.render_annotated(context) for node in self]))
  File "/home/user/uniproject/venv/lib/python3.8/site-packages/django/template/base.py", line 1005, in <listcomp>
    return SafeString("".join([node.render_annotated(context) for node in self]))
  File "/home/user/uniproject/venv/lib/python3.8/site-packages/django/template/base.py", line 966, in render_annotated
    return self.render(context)
  File "/home/user/uniproject/venv/lib/python3.8/site-packages/django/template/loader_tags.py", line 157, in render
    return compiled_parent._render(context)
  File "/home/user/uniproject/venv/lib/python3.8/site-packages/django/template/base.py", line 167, in _render
    return self.nodelist.render(context)
  File "/home/user/uniproject/venv/lib/python3.8/site-packages/django/template/base.py", line 1005, in render
    return SafeString("".join([node.render_annotated(context) for node in self]))
  File "/home/user/uniproject/venv/lib/python3.8/site-packages/django/template/base.py", line 1005, in <listcomp>
    return SafeString("".join([node.render_annotated(context) for node in self]))
  File "/home/user/uniproject/venv/lib/python3.8/site-packages/django/template/base.py", line 966, in render_annotated
    return self.render(context)
  File "/home/user/uniproject/venv/lib/python3.8/site-packages/django/template/loader_tags.py", line 157, in render
    return compiled_parent._render(context)
  File "/home/user/uniproject/venv/lib/python3.8/site-packages/django/template/base.py", line 167, in _render
    return self.nodelist.render(context)
  File "/home/user/uniproject/venv/lib/python3.8/site-packages/django/template/base.py", line 1005, in render
    return SafeString("".join([node.render_annotated(context) for node in self]))
  File "/home/user/uniproject/venv/lib/python3.8/site-packages/django/template/base.py", line 1005, in <listcomp>
    return SafeString("".join([node.render_annotated(context) for node in self]))
  File "/home/user/uniproject/venv/lib/python3.8/site-packages/django/template/base.py", line 966, in render_annotated
    return self.render(context)
  File "/home/user/uniproject/venv/lib/python3.8/site-packages/django/template/loader_tags.py", line 63, in render
    result = block.nodelist.render(context)
  File "/home/user/uniproject/venv/lib/python3.8/site-packages/django/template/base.py", line 1005, in render
    return SafeString("".join([node.render_annotated(context) for node in self]))
  File "/home/user/uniproject/venv/lib/python3.8/site-packages/django/template/base.py", line 1005, in <listcomp>
    return SafeString("".join([node.render_annotated(context) for node in self]))
  File "/home/user/uniproject/venv/lib/python3.8/site-packages/django/template/base.py", line 966, in render_annotated
    return self.render(context)
  File "/home/user/uniproject/venv/lib/python3.8/site-packages/django/template/loader_tags.py", line 63, in render
    result = block.nodelist.render(context)
  File "/home/user/uniproject/venv/lib/python3.8/site-packages/django/template/base.py", line 1005, in render
    return SafeString("".join([node.render_annotated(context) for node in self]))
  File "/home/user/uniproject/venv/lib/python3.8/site-packages/django/template/base.py", line 1005, in <listcomp>
    return SafeString("".join([node.render_annotated(context) for node in self]))
  File "/home/user/uniproject/venv/lib/python3.8/site-packages/django/template/base.py", line 966, in render_annotated
    return self.render(context)
  File "/home/user/uniproject/venv/lib/python3.8/site-packages/django/contrib/admin/templatetags/base.py", line 45, in render
    return super().render(context)
  File "/home/user/uniproject/venv/lib/python3.8/site-packages/django/template/library.py", line 258, in render
    _dict = self.func(*resolved_args, **resolved_kwargs)
  File "/home/user/uniproject/venv/lib/python3.8/site-packages/django/contrib/admin/templatetags/admin_list.py", line 336, in result_list
    "results": list(results(cl)),
  File "/home/user/uniproject/venv/lib/python3.8/site-packages/django/contrib/admin/templatetags/admin_list.py", line 312, in results
    yield ResultList(None, items_for_result(cl, res, None))
  File "/home/user/uniproject/venv/lib/python3.8/site-packages/django/contrib/admin/templatetags/admin_list.py", line 303, in __init__
    super().__init__(*items)
  File "/home/user/uniproject/venv/lib/python3.8/site-packages/django/contrib/admin/templatetags/admin_list.py", line 213, in items_for_result
    f, attr, value = lookup_field(field_name, result, cl.model_admin)
  File "/home/user/uniproject/venv/lib/python3.8/site-packages/django/contrib/admin/utils.py", line 281, in lookup_field
    value = attr(obj)
  File "/home/user/uniproject/user/admin.py", line 50, in get_classes
    return ', '.join(cls.name for cls in obj.classes.all()) if obj.classes.exists() else '-'
AttributeError: 'Class' object has no attribute 'exists'
2023-07-15 08:52:14,322 [ERROR] log - Internal Server Error: /admin/user/professor/
Traceback (most recent call last):
  File "/home/user/uniproject/venv/lib/python3.8/site-packages/django/db/models/options.py", line 681, in get_field
    return self.fields_map[field_name]
KeyError: 'get_classes'

During handling of the above exception, another exception occurred:

Traceback (most recent call last):
  File "/home/user/uniproject/venv/lib/python3.8/site-packages/django/contrib/admin/utils.py", line 272, in lookup_field
    f = _get_non_gfk_field(opts, name)
  File "/home/user/uniproject/venv/lib/python3.8/site-packages/django/contrib/admin/utils.py", line 303, in _get_non_gfk_field
    field = opts.get_field(name)
  File "/home/user/uniproject/venv/lib/python3.8/site-packages/django/db/models/options.py", line 683, in get_field
    raise FieldDoesNotExist(
django.core.exceptions.FieldDoesNotExist: Professor has no field named 'get_classes'

During handling of the above exception, another exception occurred:

Traceback (most recent call last):
  File "/home/user/uniproject/venv/lib/python3.8/site-packages/django/core/handlers/exception.py", line 55, in inner
    response = get_response(request)
  File "/home/user/uniproject/venv/lib/python3.8/site-packages/django/core/handlers/base.py", line 220, in _get_response
    response = response.render()
  File "/home/user/uniproject/venv/lib/python3.8/site-packages/django/template/response.py", line 114, in render
    self.content = self.rendered_content
  File "/home/user/uniproject/venv/lib/python3.8/site-packages/django/template/response.py", line 92, in rendered_content
    return template.render(context, self._request)
  File "/home/user/uniproject/venv/lib/python3.8/site-packages/django/template/backends/django.py", line 61, in render
    return self.template.render(context)
  File "/home/user/uniproject/venv/lib/python3.8/site-packages/django/template/base.py", line 175, in render
    return self._render(context)
  File "/home/user/uniproject/venv/lib/python3.8/site-packages/django/template/base.py", line 167, in _render
    return self.nodelist.render(context)
  File "/home/user/uniproject/venv/lib/python3.8/site-packages/django/template/base.py", line 1005, in render
    return SafeString("".join([node.render_annotated(context) for node in self]))
  File "/home/user/uniproject/venv/lib/python3.8/site-packages/django/template/base.py", line 1005, in <listcomp>
    return SafeString("".join([node.render_annotated(context) for node in self]))
  File "/home/user/uniproject/venv/lib/python3.8/site-packages/django/template/base.py", line 966, in render_annotated
    return self.render(context)
  File "/home/user/uniproject/venv/lib/python3.8/site-packages/django/template/loader_tags.py", line 157, in render
    return compiled_parent._render(context)
  File "/home/user/uniproject/venv/lib/python3.8/site-packages/django/template/base.py", line 167, in _render
    return self.nodelist.render(context)
  File "/home/user/uniproject/venv/lib/python3.8/site-packages/django/template/base.py", line 1005, in render
    return SafeString("".join([node.render_annotated(context) for node in self]))
  File "/home/user/uniproject/venv/lib/python3.8/site-packages/django/template/base.py", line 1005, in <listcomp>
    return SafeString("".join([node.render_annotated(context) for node in self]))
  File "/home/user/uniproject/venv/lib/python3.8/site-packages/django/template/base.py", line 966, in render_annotated
    return self.render(context)
  File "/home/user/uniproject/venv/lib/python3.8/site-packages/django/template/loader_tags.py", line 157, in render
    return compiled_parent._render(context)
  File "/home/user/uniproject/venv/lib/python3.8/site-packages/django/template/base.py", line 167, in _render
    return self.nodelist.render(context)
  File "/home/user/uniproject/venv/lib/python3.8/site-packages/django/template/base.py", line 1005, in render
    return SafeString("".join([node.render_annotated(context) for node in self]))
  File "/home/user/uniproject/venv/lib/python3.8/site-packages/django/template/base.py", line 1005, in <listcomp>
    return SafeString("".join([node.render_annotated(context) for node in self]))
  File "/home/user/uniproject/venv/lib/python3.8/site-packages/django/template/base.py", line 966, in render_annotated
    return self.render(context)
  File "/home/user/uniproject/venv/lib/python3.8/site-packages/django/template/loader_tags.py", line 63, in render
    result = block.nodelist.render(context)
  File "/home/user/uniproject/venv/lib/python3.8/site-packages/django/template/base.py", line 1005, in render
    return SafeString("".join([node.render_annotated(context) for node in self]))
  File "/home/user/uniproject/venv/lib/python3.8/site-packages/django/template/base.py", line 1005, in <listcomp>
    return SafeString("".join([node.render_annotated(context) for node in self]))
  File "/home/user/uniproject/venv/lib/python3.8/site-packages/django/template/base.py", line 966, in render_annotated
    return self.render(context)
  File "/home/user/uniproject/venv/lib/python3.8/site-packages/django/template/loader_tags.py", line 63, in render
    result = block.nodelist.render(context)
  File "/home/user/uniproject/venv/lib/python3.8/site-packages/django/template/base.py", line 1005, in render
    return SafeString("".join([node.render_annotated(context) for node in self]))
  File "/home/user/uniproject/venv/lib/python3.8/site-packages/django/template/base.py", line 1005, in <listcomp>
    return SafeString("".join([node.render_annotated(context) for node in self]))
  File "/home/user/uniproject/venv/lib/python3.8/site-packages/django/template/base.py", line 966, in render_annotated
    return self.render(context)
  File "/home/user/uniproject/venv/lib/python3.8/site-packages/django/contrib/admin/templatetags/base.py", line 45, in render
    return super().render(context)
  File "/home/user/uniproject/venv/lib/python3.8/site-packages/django/template/library.py", line 258, in render
    _dict = self.func(*resolved_args, **resolved_kwargs)
  File "/home/user/uniproject/venv/lib/python3.8/site-packages/django/contrib/admin/templatetags/admin_list.py", line 336, in result_list
    "results": list(results(cl)),
  File "/home/user/uniproject/venv/lib/python3.8/site-packages/django/contrib/admin/templatetags/admin_list.py", line 312, in results
    yield ResultList(None, items_for_result(cl, res, None))
  File "/home/user/uniproject/venv/lib/python3.8/site-packages/django/contrib/admin/templatetags/admin_list.py", line 303, in __init__
    super().__init__(*items)
  File "/home/user/uniproject/venv/lib/python3.8/site-packages/django/contrib/admin/templatetags/admin_list.py", line 213, in items_for_result
    f, attr, value = lookup_field(field_name, result, cl.model_admin)
  File "/home/user/uniproject/venv/lib/python3.8/site-packages/django/contrib/admin/utils.py", line 281, in lookup_field
    value = attr(obj)
  File "/home/user/uniproject/user/admin.py", line 50, in get_classes
    return ', '.join(cls.name for cls in obj.classes.all()) if obj.classes.exists() else '-'
AttributeError: 'Class' object has no attribute 'exists'
2023-07-15 08:52:35,044 [INFO] autoreload - /home/user/uniproject/user/admin.py changed, reloading.
2023-07-15 08:52:35,394 [INFO] autoreload - Watching for file changes with StatReloader
2023-07-15 08:52:37,381 [ERROR] log - Internal Server Error: /admin/user/professor/
Traceback (most recent call last):
  File "/home/user/uniproject/venv/lib/python3.8/site-packages/django/db/models/options.py", line 681, in get_field
    return self.fields_map[field_name]
KeyError: 'get_classes'

During handling of the above exception, another exception occurred:

Traceback (most recent call last):
  File "/home/user/uniproject/venv/lib/python3.8/site-packages/django/contrib/admin/utils.py", line 272, in lookup_field
    f = _get_non_gfk_field(opts, name)
  File "/home/user/uniproject/venv/lib/python3.8/site-packages/django/contrib/admin/utils.py", line 303, in _get_non_gfk_field
    field = opts.get_field(name)
  File "/home/user/uniproject/venv/lib/python3.8/site-packages/django/db/models/options.py", line 683, in get_field
    raise FieldDoesNotExist(
django.core.exceptions.FieldDoesNotExist: Professor has no field named 'get_classes'

During handling of the above exception, another exception occurred:

Traceback (most recent call last):
  File "/home/user/uniproject/venv/lib/python3.8/site-packages/django/core/handlers/exception.py", line 55, in inner
    response = get_response(request)
  File "/home/user/uniproject/venv/lib/python3.8/site-packages/django/core/handlers/base.py", line 220, in _get_response
    response = response.render()
  File "/home/user/uniproject/venv/lib/python3.8/site-packages/django/template/response.py", line 114, in render
    self.content = self.rendered_content
  File "/home/user/uniproject/venv/lib/python3.8/site-packages/django/template/response.py", line 92, in rendered_content
    return template.render(context, self._request)
  File "/home/user/uniproject/venv/lib/python3.8/site-packages/django/template/backends/django.py", line 61, in render
    return self.template.render(context)
  File "/home/user/uniproject/venv/lib/python3.8/site-packages/django/template/base.py", line 175, in render
    return self._render(context)
  File "/home/user/uniproject/venv/lib/python3.8/site-packages/django/template/base.py", line 167, in _render
    return self.nodelist.render(context)
  File "/home/user/uniproject/venv/lib/python3.8/site-packages/django/template/base.py", line 1005, in render
    return SafeString("".join([node.render_annotated(context) for node in self]))
  File "/home/user/uniproject/venv/lib/python3.8/site-packages/django/template/base.py", line 1005, in <listcomp>
    return SafeString("".join([node.render_annotated(context) for node in self]))
  File "/home/user/uniproject/venv/lib/python3.8/site-packages/django/template/base.py", line 966, in render_annotated
    return self.render(context)
  File "/home/user/uniproject/venv/lib/python3.8/site-packages/django/template/loader_tags.py", line 157, in render
    return compiled_parent._render(context)
  File "/home/user/uniproject/venv/lib/python3.8/site-packages/django/template/base.py", line 167, in _render
    return self.nodelist.render(context)
  File "/home/user/uniproject/venv/lib/python3.8/site-packages/django/template/base.py", line 1005, in render
    return SafeString("".join([node.render_annotated(context) for node in self]))
  File "/home/user/uniproject/venv/lib/python3.8/site-packages/django/template/base.py", line 1005, in <listcomp>
    return SafeString("".join([node.render_annotated(context) for node in self]))
  File "/home/user/uniproject/venv/lib/python3.8/site-packages/django/template/base.py", line 966, in render_annotated
    return self.render(context)
  File "/home/user/uniproject/venv/lib/python3.8/site-packages/django/template/loader_tags.py", line 157, in render
    return compiled_parent._render(context)
  File "/home/user/uniproject/venv/lib/python3.8/site-packages/django/template/base.py", line 167, in _render
    return self.nodelist.render(context)
  File "/home/user/uniproject/venv/lib/python3.8/site-packages/django/template/base.py", line 1005, in render
    return SafeString("".join([node.render_annotated(context) for node in self]))
  File "/home/user/uniproject/venv/lib/python3.8/site-packages/django/template/base.py", line 1005, in <listcomp>
    return SafeString("".join([node.render_annotated(context) for node in self]))
  File "/home/user/uniproject/venv/lib/python3.8/site-packages/django/template/base.py", line 966, in render_annotated
    return self.render(context)
  File "/home/user/uniproject/venv/lib/python3.8/site-packages/django/template/loader_tags.py", line 63, in render
    result = block.nodelist.render(context)
  File "/home/user/uniproject/venv/lib/python3.8/site-packages/django/template/base.py", line 1005, in render
    return SafeString("".join([node.render_annotated(context) for node in self]))
  File "/home/user/uniproject/venv/lib/python3.8/site-packages/django/template/base.py", line 1005, in <listcomp>
    return SafeString("".join([node.render_annotated(context) for node in self]))
  File "/home/user/uniproject/venv/lib/python3.8/site-packages/django/template/base.py", line 966, in render_annotated
    return self.render(context)
  File "/home/user/uniproject/venv/lib/python3.8/site-packages/django/template/loader_tags.py", line 63, in render
    result = block.nodelist.render(context)
  File "/home/user/uniproject/venv/lib/python3.8/site-packages/django/template/base.py", line 1005, in render
    return SafeString("".join([node.render_annotated(context) for node in self]))
  File "/home/user/uniproject/venv/lib/python3.8/site-packages/django/template/base.py", line 1005, in <listcomp>
    return SafeString("".join([node.render_annotated(context) for node in self]))
  File "/home/user/uniproject/venv/lib/python3.8/site-packages/django/template/base.py", line 966, in render_annotated
    return self.render(context)
  File "/home/user/uniproject/venv/lib/python3.8/site-packages/django/contrib/admin/templatetags/base.py", line 45, in render
    return super().render(context)
  File "/home/user/uniproject/venv/lib/python3.8/site-packages/django/template/library.py", line 258, in render
    _dict = self.func(*resolved_args, **resolved_kwargs)
  File "/home/user/uniproject/venv/lib/python3.8/site-packages/django/contrib/admin/templatetags/admin_list.py", line 336, in result_list
    "results": list(results(cl)),
  File "/home/user/uniproject/venv/lib/python3.8/site-packages/django/contrib/admin/templatetags/admin_list.py", line 312, in results
    yield ResultList(None, items_for_result(cl, res, None))
  File "/home/user/uniproject/venv/lib/python3.8/site-packages/django/contrib/admin/templatetags/admin_list.py", line 303, in __init__
    super().__init__(*items)
  File "/home/user/uniproject/venv/lib/python3.8/site-packages/django/contrib/admin/templatetags/admin_list.py", line 213, in items_for_result
    f, attr, value = lookup_field(field_name, result, cl.model_admin)
  File "/home/user/uniproject/venv/lib/python3.8/site-packages/django/contrib/admin/utils.py", line 281, in lookup_field
    value = attr(obj)
  File "/home/user/uniproject/user/admin.py", line 50, in get_classes
    classes = obj.classes.all()
AttributeError: 'Class' object has no attribute 'all'
2023-07-15 08:53:03,236 [INFO] autoreload - /home/user/uniproject/user/admin.py changed, reloading.
2023-07-15 08:53:03,606 [INFO] autoreload - Watching for file changes with StatReloader
2023-07-15 08:53:04,944 [ERROR] log - Internal Server Error: /admin/user/professor/
Traceback (most recent call last):
  File "/home/user/uniproject/venv/lib/python3.8/site-packages/django/db/models/options.py", line 681, in get_field
    return self.fields_map[field_name]
KeyError: 'get_classes'

During handling of the above exception, another exception occurred:

Traceback (most recent call last):
  File "/home/user/uniproject/venv/lib/python3.8/site-packages/django/contrib/admin/utils.py", line 272, in lookup_field
    f = _get_non_gfk_field(opts, name)
  File "/home/user/uniproject/venv/lib/python3.8/site-packages/django/contrib/admin/utils.py", line 303, in _get_non_gfk_field
    field = opts.get_field(name)
  File "/home/user/uniproject/venv/lib/python3.8/site-packages/django/db/models/options.py", line 683, in get_field
    raise FieldDoesNotExist(
django.core.exceptions.FieldDoesNotExist: Professor has no field named 'get_classes'

During handling of the above exception, another exception occurred:

Traceback (most recent call last):
  File "/home/user/uniproject/venv/lib/python3.8/site-packages/django/core/handlers/exception.py", line 55, in inner
    response = get_response(request)
  File "/home/user/uniproject/venv/lib/python3.8/site-packages/django/core/handlers/base.py", line 220, in _get_response
    response = response.render()
  File "/home/user/uniproject/venv/lib/python3.8/site-packages/django/template/response.py", line 114, in render
    self.content = self.rendered_content
  File "/home/user/uniproject/venv/lib/python3.8/site-packages/django/template/response.py", line 92, in rendered_content
    return template.render(context, self._request)
  File "/home/user/uniproject/venv/lib/python3.8/site-packages/django/template/backends/django.py", line 61, in render
    return self.template.render(context)
  File "/home/user/uniproject/venv/lib/python3.8/site-packages/django/template/base.py", line 175, in render
    return self._render(context)
  File "/home/user/uniproject/venv/lib/python3.8/site-packages/django/template/base.py", line 167, in _render
    return self.nodelist.render(context)
  File "/home/user/uniproject/venv/lib/python3.8/site-packages/django/template/base.py", line 1005, in render
    return SafeString("".join([node.render_annotated(context) for node in self]))
  File "/home/user/uniproject/venv/lib/python3.8/site-packages/django/template/base.py", line 1005, in <listcomp>
    return SafeString("".join([node.render_annotated(context) for node in self]))
  File "/home/user/uniproject/venv/lib/python3.8/site-packages/django/template/base.py", line 966, in render_annotated
    return self.render(context)
  File "/home/user/uniproject/venv/lib/python3.8/site-packages/django/template/loader_tags.py", line 157, in render
    return compiled_parent._render(context)
  File "/home/user/uniproject/venv/lib/python3.8/site-packages/django/template/base.py", line 167, in _render
    return self.nodelist.render(context)
  File "/home/user/uniproject/venv/lib/python3.8/site-packages/django/template/base.py", line 1005, in render
    return SafeString("".join([node.render_annotated(context) for node in self]))
  File "/home/user/uniproject/venv/lib/python3.8/site-packages/django/template/base.py", line 1005, in <listcomp>
    return SafeString("".join([node.render_annotated(context) for node in self]))
  File "/home/user/uniproject/venv/lib/python3.8/site-packages/django/template/base.py", line 966, in render_annotated
    return self.render(context)
  File "/home/user/uniproject/venv/lib/python3.8/site-packages/django/template/loader_tags.py", line 157, in render
    return compiled_parent._render(context)
  File "/home/user/uniproject/venv/lib/python3.8/site-packages/django/template/base.py", line 167, in _render
    return self.nodelist.render(context)
  File "/home/user/uniproject/venv/lib/python3.8/site-packages/django/template/base.py", line 1005, in render
    return SafeString("".join([node.render_annotated(context) for node in self]))
  File "/home/user/uniproject/venv/lib/python3.8/site-packages/django/template/base.py", line 1005, in <listcomp>
    return SafeString("".join([node.render_annotated(context) for node in self]))
  File "/home/user/uniproject/venv/lib/python3.8/site-packages/django/template/base.py", line 966, in render_annotated
    return self.render(context)
  File "/home/user/uniproject/venv/lib/python3.8/site-packages/django/template/loader_tags.py", line 63, in render
    result = block.nodelist.render(context)
  File "/home/user/uniproject/venv/lib/python3.8/site-packages/django/template/base.py", line 1005, in render
    return SafeString("".join([node.render_annotated(context) for node in self]))
  File "/home/user/uniproject/venv/lib/python3.8/site-packages/django/template/base.py", line 1005, in <listcomp>
    return SafeString("".join([node.render_annotated(context) for node in self]))
  File "/home/user/uniproject/venv/lib/python3.8/site-packages/django/template/base.py", line 966, in render_annotated
    return self.render(context)
  File "/home/user/uniproject/venv/lib/python3.8/site-packages/django/template/loader_tags.py", line 63, in render
    result = block.nodelist.render(context)
  File "/home/user/uniproject/venv/lib/python3.8/site-packages/django/template/base.py", line 1005, in render
    return SafeString("".join([node.render_annotated(context) for node in self]))
  File "/home/user/uniproject/venv/lib/python3.8/site-packages/django/template/base.py", line 1005, in <listcomp>
    return SafeString("".join([node.render_annotated(context) for node in self]))
  File "/home/user/uniproject/venv/lib/python3.8/site-packages/django/template/base.py", line 966, in render_annotated
    return self.render(context)
  File "/home/user/uniproject/venv/lib/python3.8/site-packages/django/contrib/admin/templatetags/base.py", line 45, in render
    return super().render(context)
  File "/home/user/uniproject/venv/lib/python3.8/site-packages/django/template/library.py", line 258, in render
    _dict = self.func(*resolved_args, **resolved_kwargs)
  File "/home/user/uniproject/venv/lib/python3.8/site-packages/django/contrib/admin/templatetags/admin_list.py", line 336, in result_list
    "results": list(results(cl)),
  File "/home/user/uniproject/venv/lib/python3.8/site-packages/django/contrib/admin/templatetags/admin_list.py", line 312, in results
    yield ResultList(None, items_for_result(cl, res, None))
  File "/home/user/uniproject/venv/lib/python3.8/site-packages/django/contrib/admin/templatetags/admin_list.py", line 303, in __init__
    super().__init__(*items)
  File "/home/user/uniproject/venv/lib/python3.8/site-packages/django/contrib/admin/templatetags/admin_list.py", line 213, in items_for_result
    f, attr, value = lookup_field(field_name, result, cl.model_admin)
  File "/home/user/uniproject/venv/lib/python3.8/site-packages/django/contrib/admin/utils.py", line 281, in lookup_field
    value = attr(obj)
  File "/home/user/uniproject/user/admin.py", line 50, in get_classes
    classes = obj.classes.all() if hasattr(obj, 'classes') else []
AttributeError: 'Class' object has no attribute 'all'
2023-07-15 08:53:15,803 [ERROR] log - Internal Server Error: /admin/user/professor/
Traceback (most recent call last):
  File "/home/user/uniproject/venv/lib/python3.8/site-packages/django/db/models/options.py", line 681, in get_field
    return self.fields_map[field_name]
KeyError: 'get_classes'

During handling of the above exception, another exception occurred:

Traceback (most recent call last):
  File "/home/user/uniproject/venv/lib/python3.8/site-packages/django/contrib/admin/utils.py", line 272, in lookup_field
    f = _get_non_gfk_field(opts, name)
  File "/home/user/uniproject/venv/lib/python3.8/site-packages/django/contrib/admin/utils.py", line 303, in _get_non_gfk_field
    field = opts.get_field(name)
  File "/home/user/uniproject/venv/lib/python3.8/site-packages/django/db/models/options.py", line 683, in get_field
    raise FieldDoesNotExist(
django.core.exceptions.FieldDoesNotExist: Professor has no field named 'get_classes'

During handling of the above exception, another exception occurred:

Traceback (most recent call last):
  File "/home/user/uniproject/venv/lib/python3.8/site-packages/django/core/handlers/exception.py", line 55, in inner
    response = get_response(request)
  File "/home/user/uniproject/venv/lib/python3.8/site-packages/django/core/handlers/base.py", line 220, in _get_response
    response = response.render()
  File "/home/user/uniproject/venv/lib/python3.8/site-packages/django/template/response.py", line 114, in render
    self.content = self.rendered_content
  File "/home/user/uniproject/venv/lib/python3.8/site-packages/django/template/response.py", line 92, in rendered_content
    return template.render(context, self._request)
  File "/home/user/uniproject/venv/lib/python3.8/site-packages/django/template/backends/django.py", line 61, in render
    return self.template.render(context)
  File "/home/user/uniproject/venv/lib/python3.8/site-packages/django/template/base.py", line 175, in render
    return self._render(context)
  File "/home/user/uniproject/venv/lib/python3.8/site-packages/django/template/base.py", line 167, in _render
    return self.nodelist.render(context)
  File "/home/user/uniproject/venv/lib/python3.8/site-packages/django/template/base.py", line 1005, in render
    return SafeString("".join([node.render_annotated(context) for node in self]))
  File "/home/user/uniproject/venv/lib/python3.8/site-packages/django/template/base.py", line 1005, in <listcomp>
    return SafeString("".join([node.render_annotated(context) for node in self]))
  File "/home/user/uniproject/venv/lib/python3.8/site-packages/django/template/base.py", line 966, in render_annotated
    return self.render(context)
  File "/home/user/uniproject/venv/lib/python3.8/site-packages/django/template/loader_tags.py", line 157, in render
    return compiled_parent._render(context)
  File "/home/user/uniproject/venv/lib/python3.8/site-packages/django/template/base.py", line 167, in _render
    return self.nodelist.render(context)
  File "/home/user/uniproject/venv/lib/python3.8/site-packages/django/template/base.py", line 1005, in render
    return SafeString("".join([node.render_annotated(context) for node in self]))
  File "/home/user/uniproject/venv/lib/python3.8/site-packages/django/template/base.py", line 1005, in <listcomp>
    return SafeString("".join([node.render_annotated(context) for node in self]))
  File "/home/user/uniproject/venv/lib/python3.8/site-packages/django/template/base.py", line 966, in render_annotated
    return self.render(context)
  File "/home/user/uniproject/venv/lib/python3.8/site-packages/django/template/loader_tags.py", line 157, in render
    return compiled_parent._render(context)
  File "/home/user/uniproject/venv/lib/python3.8/site-packages/django/template/base.py", line 167, in _render
    return self.nodelist.render(context)
  File "/home/user/uniproject/venv/lib/python3.8/site-packages/django/template/base.py", line 1005, in render
    return SafeString("".join([node.render_annotated(context) for node in self]))
  File "/home/user/uniproject/venv/lib/python3.8/site-packages/django/template/base.py", line 1005, in <listcomp>
    return SafeString("".join([node.render_annotated(context) for node in self]))
  File "/home/user/uniproject/venv/lib/python3.8/site-packages/django/template/base.py", line 966, in render_annotated
    return self.render(context)
  File "/home/user/uniproject/venv/lib/python3.8/site-packages/django/template/loader_tags.py", line 63, in render
    result = block.nodelist.render(context)
  File "/home/user/uniproject/venv/lib/python3.8/site-packages/django/template/base.py", line 1005, in render
    return SafeString("".join([node.render_annotated(context) for node in self]))
  File "/home/user/uniproject/venv/lib/python3.8/site-packages/django/template/base.py", line 1005, in <listcomp>
    return SafeString("".join([node.render_annotated(context) for node in self]))
  File "/home/user/uniproject/venv/lib/python3.8/site-packages/django/template/base.py", line 966, in render_annotated
    return self.render(context)
  File "/home/user/uniproject/venv/lib/python3.8/site-packages/django/template/loader_tags.py", line 63, in render
    result = block.nodelist.render(context)
  File "/home/user/uniproject/venv/lib/python3.8/site-packages/django/template/base.py", line 1005, in render
    return SafeString("".join([node.render_annotated(context) for node in self]))
  File "/home/user/uniproject/venv/lib/python3.8/site-packages/django/template/base.py", line 1005, in <listcomp>
    return SafeString("".join([node.render_annotated(context) for node in self]))
  File "/home/user/uniproject/venv/lib/python3.8/site-packages/django/template/base.py", line 966, in render_annotated
    return self.render(context)
  File "/home/user/uniproject/venv/lib/python3.8/site-packages/django/contrib/admin/templatetags/base.py", line 45, in render
    return super().render(context)
  File "/home/user/uniproject/venv/lib/python3.8/site-packages/django/template/library.py", line 258, in render
    _dict = self.func(*resolved_args, **resolved_kwargs)
  File "/home/user/uniproject/venv/lib/python3.8/site-packages/django/contrib/admin/templatetags/admin_list.py", line 336, in result_list
    "results": list(results(cl)),
  File "/home/user/uniproject/venv/lib/python3.8/site-packages/django/contrib/admin/templatetags/admin_list.py", line 312, in results
    yield ResultList(None, items_for_result(cl, res, None))
  File "/home/user/uniproject/venv/lib/python3.8/site-packages/django/contrib/admin/templatetags/admin_list.py", line 303, in __init__
    super().__init__(*items)
  File "/home/user/uniproject/venv/lib/python3.8/site-packages/django/contrib/admin/templatetags/admin_list.py", line 213, in items_for_result
    f, attr, value = lookup_field(field_name, result, cl.model_admin)
  File "/home/user/uniproject/venv/lib/python3.8/site-packages/django/contrib/admin/utils.py", line 281, in lookup_field
    value = attr(obj)
  File "/home/user/uniproject/user/admin.py", line 50, in get_classes
    classes = obj.classes.all() if hasattr(obj, 'classes') else []
AttributeError: 'Class' object has no attribute 'all'
2023-07-15 08:53:41,724 [INFO] autoreload - /home/user/uniproject/user/admin.py changed, reloading.
2023-07-15 08:53:42,058 [INFO] autoreload - Watching for file changes with StatReloader
2023-07-15 08:58:44,581 [INFO] autoreload - /home/user/uniproject/academic/models.py changed, reloading.
2023-07-15 08:58:44,866 [INFO] autoreload - Watching for file changes with StatReloader
2023-07-15 09:00:04,560 [INFO] autoreload - /home/user/uniproject/academic/models.py changed, reloading.
2023-07-15 09:00:04,866 [INFO] autoreload - Watching for file changes with StatReloader
2023-07-15 09:03:11,294 [INFO] autoreload - Watching for file changes with StatReloader
2023-07-15 09:03:19,629 [INFO] autoreload - /home/user/uniproject/academic/models.py changed, reloading.
2023-07-15 09:03:19,920 [INFO] autoreload - Watching for file changes with StatReloader
2023-07-15 09:03:42,709 [INFO] autoreload - /home/user/uniproject/user/models.py changed, reloading.
2023-07-15 09:03:43,046 [INFO] autoreload - Watching for file changes with StatReloader
2023-07-15 09:03:52,288 [ERROR] log - Internal Server Error: /admin/academic/class/
Traceback (most recent call last):
  File "/home/user/uniproject/venv/lib/python3.8/site-packages/django/db/backends/utils.py", line 89, in _execute
    return self.cursor.execute(sql, params)
  File "/home/user/uniproject/venv/lib/python3.8/site-packages/django/db/backends/sqlite3/base.py", line 328, in execute
    return super().execute(query, params)
sqlite3.OperationalError: no such column: academic_class.professor_id

The above exception was the direct cause of the following exception:

Traceback (most recent call last):
  File "/home/user/uniproject/venv/lib/python3.8/site-packages/django/core/handlers/exception.py", line 55, in inner
    response = get_response(request)
  File "/home/user/uniproject/venv/lib/python3.8/site-packages/django/core/handlers/base.py", line 197, in _get_response
    response = wrapped_callback(request, *callback_args, **callback_kwargs)
  File "/home/user/uniproject/venv/lib/python3.8/site-packages/django/contrib/admin/options.py", line 688, in wrapper
    return self.admin_site.admin_view(view)(*args, **kwargs)
  File "/home/user/uniproject/venv/lib/python3.8/site-packages/django/utils/decorators.py", line 134, in _wrapper_view
    response = view_func(request, *args, **kwargs)
  File "/home/user/uniproject/venv/lib/python3.8/site-packages/django/views/decorators/cache.py", line 62, in _wrapper_view_func
    response = view_func(request, *args, **kwargs)
  File "/home/user/uniproject/venv/lib/python3.8/site-packages/django/contrib/admin/sites.py", line 242, in inner
    return view(request, *args, **kwargs)
  File "/home/user/uniproject/venv/lib/python3.8/site-packages/django/utils/decorators.py", line 46, in _wrapper
    return bound_method(*args, **kwargs)
  File "/home/user/uniproject/venv/lib/python3.8/site-packages/django/utils/decorators.py", line 134, in _wrapper_view
    response = view_func(request, *args, **kwargs)
  File "/home/user/uniproject/venv/lib/python3.8/site-packages/django/contrib/admin/options.py", line 2065, in changelist_view
    "selection_note": _("0 of %(cnt)s selected") % {"cnt": len(cl.result_list)},
  File "/home/user/uniproject/venv/lib/python3.8/site-packages/django/db/models/query.py", line 380, in __len__
    self._fetch_all()
  File "/home/user/uniproject/venv/lib/python3.8/site-packages/django/db/models/query.py", line 1881, in _fetch_all
    self._result_cache = list(self._iterable_class(self))
  File "/home/user/uniproject/venv/lib/python3.8/site-packages/django/db/models/query.py", line 91, in __iter__
    results = compiler.execute_sql(
  File "/home/user/uniproject/venv/lib/python3.8/site-packages/django/db/models/sql/compiler.py", line 1562, in execute_sql
    cursor.execute(sql, params)
  File "/home/user/uniproject/venv/lib/python3.8/site-packages/django/db/backends/utils.py", line 102, in execute
    return super().execute(sql, params)
  File "/home/user/uniproject/venv/lib/python3.8/site-packages/django/db/backends/utils.py", line 67, in execute
    return self._execute_with_wrappers(
  File "/home/user/uniproject/venv/lib/python3.8/site-packages/django/db/backends/utils.py", line 80, in _execute_with_wrappers
    return executor(sql, params, many, context)
  File "/home/user/uniproject/venv/lib/python3.8/site-packages/django/db/backends/utils.py", line 89, in _execute
    return self.cursor.execute(sql, params)
  File "/home/user/uniproject/venv/lib/python3.8/site-packages/django/db/utils.py", line 91, in __exit__
    raise dj_exc_value.with_traceback(traceback) from exc_value
  File "/home/user/uniproject/venv/lib/python3.8/site-packages/django/db/backends/utils.py", line 89, in _execute
    return self.cursor.execute(sql, params)
  File "/home/user/uniproject/venv/lib/python3.8/site-packages/django/db/backends/sqlite3/base.py", line 328, in execute
    return super().execute(query, params)
django.db.utils.OperationalError: no such column: academic_class.professor_id
2023-07-15 09:08:55,107 [INFO] autoreload - Watching for file changes with StatReloader
2023-07-15 09:14:30,530 [INFO] autoreload - /home/user/uniproject/user/models.py changed, reloading.
2023-07-15 09:14:30,810 [INFO] autoreload - Watching for file changes with StatReloader
2023-07-15 09:14:48,939 [INFO] autoreload - Watching for file changes with StatReloader
2023-07-15 09:23:36,594 [INFO] autoreload - /home/user/uniproject/academic/admin.py changed, reloading.
2023-07-15 09:23:37,261 [INFO] autoreload - Watching for file changes with StatReloader
2023-07-15 09:24:39,049 [INFO] autoreload - /home/user/uniproject/academic/admin.py changed, reloading.
2023-07-15 09:24:39,323 [INFO] autoreload - Watching for file changes with StatReloader
2023-07-15 09:25:33,968 [INFO] autoreload - /home/user/uniproject/academic/admin.py changed, reloading.
2023-07-15 09:25:34,357 [INFO] autoreload - Watching for file changes with StatReloader
2023-07-15 09:27:32,329 [INFO] autoreload - /home/user/uniproject/academic/admin.py changed, reloading.
2023-07-15 09:27:32,715 [INFO] autoreload - Watching for file changes with StatReloader
2023-07-15 09:27:49,368 [INFO] autoreload - /home/user/uniproject/academic/admin.py changed, reloading.
2023-07-15 09:27:49,671 [INFO] autoreload - Watching for file changes with StatReloader
2023-07-15 09:32:54,539 [WARNING] log - Not Found: /api/courses/
2023-07-15 09:36:17,763 [INFO] autoreload - /home/user/uniproject/academic/models.py changed, reloading.
2023-07-15 09:36:18,307 [INFO] autoreload - Watching for file changes with StatReloader
2023-07-15 09:37:32,320 [INFO] autoreload - Watching for file changes with StatReloader
2023-07-15 09:37:39,879 [ERROR] log - Internal Server Error: /api/rooms/4/
Traceback (most recent call last):
  File "/home/user/uniproject/venv/lib/python3.8/site-packages/django/db/backends/utils.py", line 89, in _execute
    return self.cursor.execute(sql, params)
  File "/home/user/uniproject/venv/lib/python3.8/site-packages/django/db/backends/sqlite3/base.py", line 328, in execute
    return super().execute(query, params)
sqlite3.OperationalError: no such column: academic_room.department_id

The above exception was the direct cause of the following exception:

Traceback (most recent call last):
  File "/home/user/uniproject/venv/lib/python3.8/site-packages/django/core/handlers/exception.py", line 55, in inner
    response = get_response(request)
  File "/home/user/uniproject/venv/lib/python3.8/site-packages/django/core/handlers/base.py", line 197, in _get_response
    response = wrapped_callback(request, *callback_args, **callback_kwargs)
  File "/home/user/uniproject/venv/lib/python3.8/site-packages/django/views/decorators/csrf.py", line 56, in wrapper_view
    return view_func(*args, **kwargs)
  File "/home/user/uniproject/venv/lib/python3.8/site-packages/django/views/generic/base.py", line 104, in view
    return self.dispatch(request, *args, **kwargs)
  File "/home/user/uniproject/venv/lib/python3.8/site-packages/rest_framework/views.py", line 509, in dispatch
    response = self.handle_exception(exc)
  File "/home/user/uniproject/venv/lib/python3.8/site-packages/rest_framework/views.py", line 469, in handle_exception
    self.raise_uncaught_exception(exc)
  File "/home/user/uniproject/venv/lib/python3.8/site-packages/rest_framework/views.py", line 480, in raise_uncaught_exception
    raise exc
  File "/home/user/uniproject/venv/lib/python3.8/site-packages/rest_framework/views.py", line 506, in dispatch
    response = handler(request, *args, **kwargs)
  File "/home/user/uniproject/venv/lib/python3.8/site-packages/rest_framework/generics.py", line 291, in delete
    return self.destroy(request, *args, **kwargs)
  File "/home/user/uniproject/venv/lib/python3.8/site-packages/rest_framework/mixins.py", line 90, in destroy
    instance = self.get_object()
  File "/home/user/uniproject/venv/lib/python3.8/site-packages/rest_framework/generics.py", line 96, in get_object
    obj = get_object_or_404(queryset, **filter_kwargs)
  File "/home/user/uniproject/venv/lib/python3.8/site-packages/rest_framework/generics.py", line 19, in get_object_or_404
    return _get_object_or_404(queryset, *filter_args, **filter_kwargs)
  File "/home/user/uniproject/venv/lib/python3.8/site-packages/django/shortcuts.py", line 85, in get_object_or_404
    return queryset.get(*args, **kwargs)
  File "/home/user/uniproject/venv/lib/python3.8/site-packages/django/db/models/query.py", line 633, in get
    num = len(clone)
  File "/home/user/uniproject/venv/lib/python3.8/site-packages/django/db/models/query.py", line 380, in __len__
    self._fetch_all()
  File "/home/user/uniproject/venv/lib/python3.8/site-packages/django/db/models/query.py", line 1881, in _fetch_all
    self._result_cache = list(self._iterable_class(self))
  File "/home/user/uniproject/venv/lib/python3.8/site-packages/django/db/models/query.py", line 91, in __iter__
    results = compiler.execute_sql(
  File "/home/user/uniproject/venv/lib/python3.8/site-packages/django/db/models/sql/compiler.py", line 1562, in execute_sql
    cursor.execute(sql, params)
  File "/home/user/uniproject/venv/lib/python3.8/site-packages/django/db/backends/utils.py", line 102, in execute
    return super().execute(sql, params)
  File "/home/user/uniproject/venv/lib/python3.8/site-packages/django/db/backends/utils.py", line 67, in execute
    return self._execute_with_wrappers(
  File "/home/user/uniproject/venv/lib/python3.8/site-packages/django/db/backends/utils.py", line 80, in _execute_with_wrappers
    return executor(sql, params, many, context)
  File "/home/user/uniproject/venv/lib/python3.8/site-packages/django/db/backends/utils.py", line 89, in _execute
    return self.cursor.execute(sql, params)
  File "/home/user/uniproject/venv/lib/python3.8/site-packages/django/db/utils.py", line 91, in __exit__
    raise dj_exc_value.with_traceback(traceback) from exc_value
  File "/home/user/uniproject/venv/lib/python3.8/site-packages/django/db/backends/utils.py", line 89, in _execute
    return self.cursor.execute(sql, params)
  File "/home/user/uniproject/venv/lib/python3.8/site-packages/django/db/backends/sqlite3/base.py", line 328, in execute
    return super().execute(query, params)
django.db.utils.OperationalError: no such column: academic_room.department_id
2023-07-15 09:38:03,149 [INFO] autoreload - /home/user/uniproject/academic/models.py changed, reloading.
2023-07-15 09:38:03,488 [INFO] autoreload - Watching for file changes with StatReloader
2023-07-15 09:38:03,681 [ERROR] log - Internal Server Error: /api/rooms/4/
Traceback (most recent call last):
  File "/home/user/uniproject/venv/lib/python3.8/site-packages/django/db/backends/utils.py", line 89, in _execute
    return self.cursor.execute(sql, params)
  File "/home/user/uniproject/venv/lib/python3.8/site-packages/django/db/backends/sqlite3/base.py", line 328, in execute
    return super().execute(query, params)
sqlite3.OperationalError: no such column: academic_room.department_id

The above exception was the direct cause of the following exception:

Traceback (most recent call last):
  File "/home/user/uniproject/venv/lib/python3.8/site-packages/django/core/handlers/exception.py", line 55, in inner
    response = get_response(request)
  File "/home/user/uniproject/venv/lib/python3.8/site-packages/django/core/handlers/base.py", line 197, in _get_response
    response = wrapped_callback(request, *callback_args, **callback_kwargs)
  File "/home/user/uniproject/venv/lib/python3.8/site-packages/django/views/decorators/csrf.py", line 56, in wrapper_view
    return view_func(*args, **kwargs)
  File "/home/user/uniproject/venv/lib/python3.8/site-packages/django/views/generic/base.py", line 104, in view
    return self.dispatch(request, *args, **kwargs)
  File "/home/user/uniproject/venv/lib/python3.8/site-packages/rest_framework/views.py", line 509, in dispatch
    response = self.handle_exception(exc)
  File "/home/user/uniproject/venv/lib/python3.8/site-packages/rest_framework/views.py", line 469, in handle_exception
    self.raise_uncaught_exception(exc)
  File "/home/user/uniproject/venv/lib/python3.8/site-packages/rest_framework/views.py", line 480, in raise_uncaught_exception
    raise exc
  File "/home/user/uniproject/venv/lib/python3.8/site-packages/rest_framework/views.py", line 506, in dispatch
    response = handler(request, *args, **kwargs)
  File "/home/user/uniproject/venv/lib/python3.8/site-packages/rest_framework/generics.py", line 282, in get
    return self.retrieve(request, *args, **kwargs)
  File "/home/user/uniproject/venv/lib/python3.8/site-packages/rest_framework/mixins.py", line 54, in retrieve
    instance = self.get_object()
  File "/home/user/uniproject/venv/lib/python3.8/site-packages/rest_framework/generics.py", line 96, in get_object
    obj = get_object_or_404(queryset, **filter_kwargs)
  File "/home/user/uniproject/venv/lib/python3.8/site-packages/rest_framework/generics.py", line 19, in get_object_or_404
    return _get_object_or_404(queryset, *filter_args, **filter_kwargs)
  File "/home/user/uniproject/venv/lib/python3.8/site-packages/django/shortcuts.py", line 85, in get_object_or_404
    return queryset.get(*args, **kwargs)
  File "/home/user/uniproject/venv/lib/python3.8/site-packages/django/db/models/query.py", line 633, in get
    num = len(clone)
  File "/home/user/uniproject/venv/lib/python3.8/site-packages/django/db/models/query.py", line 380, in __len__
    self._fetch_all()
  File "/home/user/uniproject/venv/lib/python3.8/site-packages/django/db/models/query.py", line 1881, in _fetch_all
    self._result_cache = list(self._iterable_class(self))
  File "/home/user/uniproject/venv/lib/python3.8/site-packages/django/db/models/query.py", line 91, in __iter__
    results = compiler.execute_sql(
  File "/home/user/uniproject/venv/lib/python3.8/site-packages/django/db/models/sql/compiler.py", line 1562, in execute_sql
    cursor.execute(sql, params)
  File "/home/user/uniproject/venv/lib/python3.8/site-packages/django/db/backends/utils.py", line 102, in execute
    return super().execute(sql, params)
  File "/home/user/uniproject/venv/lib/python3.8/site-packages/django/db/backends/utils.py", line 67, in execute
    return self._execute_with_wrappers(
  File "/home/user/uniproject/venv/lib/python3.8/site-packages/django/db/backends/utils.py", line 80, in _execute_with_wrappers
    return executor(sql, params, many, context)
  File "/home/user/uniproject/venv/lib/python3.8/site-packages/django/db/backends/utils.py", line 89, in _execute
    return self.cursor.execute(sql, params)
  File "/home/user/uniproject/venv/lib/python3.8/site-packages/django/db/utils.py", line 91, in __exit__
    raise dj_exc_value.with_traceback(traceback) from exc_value
  File "/home/user/uniproject/venv/lib/python3.8/site-packages/django/db/backends/utils.py", line 89, in _execute
    return self.cursor.execute(sql, params)
  File "/home/user/uniproject/venv/lib/python3.8/site-packages/django/db/backends/sqlite3/base.py", line 328, in execute
    return super().execute(query, params)
django.db.utils.OperationalError: no such column: academic_room.department_id
2023-07-15 09:38:11,869 [INFO] autoreload - /home/user/uniproject/academic/models.py changed, reloading.
2023-07-15 09:38:12,232 [INFO] autoreload - Watching for file changes with StatReloader
2023-07-15 09:38:19,745 [ERROR] log - Internal Server Error: /admin/academic/room/
Traceback (most recent call last):
  File "/home/user/uniproject/venv/lib/python3.8/site-packages/django/db/backends/utils.py", line 89, in _execute
    return self.cursor.execute(sql, params)
  File "/home/user/uniproject/venv/lib/python3.8/site-packages/django/db/backends/sqlite3/base.py", line 328, in execute
    return super().execute(query, params)
sqlite3.OperationalError: no such column: academic_room.department_id

The above exception was the direct cause of the following exception:

Traceback (most recent call last):
  File "/home/user/uniproject/venv/lib/python3.8/site-packages/django/core/handlers/exception.py", line 55, in inner
    response = get_response(request)
  File "/home/user/uniproject/venv/lib/python3.8/site-packages/django/core/handlers/base.py", line 197, in _get_response
    response = wrapped_callback(request, *callback_args, **callback_kwargs)
  File "/home/user/uniproject/venv/lib/python3.8/site-packages/django/contrib/admin/options.py", line 688, in wrapper
    return self.admin_site.admin_view(view)(*args, **kwargs)
  File "/home/user/uniproject/venv/lib/python3.8/site-packages/django/utils/decorators.py", line 134, in _wrapper_view
    response = view_func(request, *args, **kwargs)
  File "/home/user/uniproject/venv/lib/python3.8/site-packages/django/views/decorators/cache.py", line 62, in _wrapper_view_func
    response = view_func(request, *args, **kwargs)
  File "/home/user/uniproject/venv/lib/python3.8/site-packages/django/contrib/admin/sites.py", line 242, in inner
    return view(request, *args, **kwargs)
  File "/home/user/uniproject/venv/lib/python3.8/site-packages/django/utils/decorators.py", line 46, in _wrapper
    return bound_method(*args, **kwargs)
  File "/home/user/uniproject/venv/lib/python3.8/site-packages/django/utils/decorators.py", line 134, in _wrapper_view
    response = view_func(request, *args, **kwargs)
  File "/home/user/uniproject/venv/lib/python3.8/site-packages/django/contrib/admin/options.py", line 2065, in changelist_view
    "selection_note": _("0 of %(cnt)s selected") % {"cnt": len(cl.result_list)},
  File "/home/user/uniproject/venv/lib/python3.8/site-packages/django/db/models/query.py", line 380, in __len__
    self._fetch_all()
  File "/home/user/uniproject/venv/lib/python3.8/site-packages/django/db/models/query.py", line 1881, in _fetch_all
    self._result_cache = list(self._iterable_class(self))
  File "/home/user/uniproject/venv/lib/python3.8/site-packages/django/db/models/query.py", line 91, in __iter__
    results = compiler.execute_sql(
  File "/home/user/uniproject/venv/lib/python3.8/site-packages/django/db/models/sql/compiler.py", line 1562, in execute_sql
    cursor.execute(sql, params)
  File "/home/user/uniproject/venv/lib/python3.8/site-packages/django/db/backends/utils.py", line 102, in execute
    return super().execute(sql, params)
  File "/home/user/uniproject/venv/lib/python3.8/site-packages/django/db/backends/utils.py", line 67, in execute
    return self._execute_with_wrappers(
  File "/home/user/uniproject/venv/lib/python3.8/site-packages/django/db/backends/utils.py", line 80, in _execute_with_wrappers
    return executor(sql, params, many, context)
  File "/home/user/uniproject/venv/lib/python3.8/site-packages/django/db/backends/utils.py", line 89, in _execute
    return self.cursor.execute(sql, params)
  File "/home/user/uniproject/venv/lib/python3.8/site-packages/django/db/utils.py", line 91, in __exit__
    raise dj_exc_value.with_traceback(traceback) from exc_value
  File "/home/user/uniproject/venv/lib/python3.8/site-packages/django/db/backends/utils.py", line 89, in _execute
    return self.cursor.execute(sql, params)
  File "/home/user/uniproject/venv/lib/python3.8/site-packages/django/db/backends/sqlite3/base.py", line 328, in execute
    return super().execute(query, params)
django.db.utils.OperationalError: no such column: academic_room.department_id
2023-07-15 09:38:34,975 [INFO] autoreload - /home/user/uniproject/academic/models.py changed, reloading.
2023-07-15 09:38:35,304 [INFO] autoreload - Watching for file changes with StatReloader
2023-07-15 09:41:01,014 [INFO] autoreload - Watching for file changes with StatReloader
2023-07-15 09:41:10,672 [ERROR] log - Internal Server Error: /api/rooms/
Traceback (most recent call last):
  File "/home/user/uniproject/venv/lib/python3.8/site-packages/django/db/backends/utils.py", line 89, in _execute
    return self.cursor.execute(sql, params)
  File "/home/user/uniproject/venv/lib/python3.8/site-packages/django/db/backends/sqlite3/base.py", line 328, in execute
    return super().execute(query, params)
sqlite3.OperationalError: no such column: academic_room.department_id

The above exception was the direct cause of the following exception:

Traceback (most recent call last):
  File "/home/user/uniproject/venv/lib/python3.8/site-packages/django/core/handlers/exception.py", line 55, in inner
    response = get_response(request)
  File "/home/user/uniproject/venv/lib/python3.8/site-packages/django/core/handlers/base.py", line 197, in _get_response
    response = wrapped_callback(request, *callback_args, **callback_kwargs)
  File "/home/user/uniproject/venv/lib/python3.8/site-packages/django/views/decorators/csrf.py", line 56, in wrapper_view
    return view_func(*args, **kwargs)
  File "/home/user/uniproject/venv/lib/python3.8/site-packages/django/views/generic/base.py", line 104, in view
    return self.dispatch(request, *args, **kwargs)
  File "/home/user/uniproject/venv/lib/python3.8/site-packages/rest_framework/views.py", line 509, in dispatch
    response = self.handle_exception(exc)
  File "/home/user/uniproject/venv/lib/python3.8/site-packages/rest_framework/views.py", line 469, in handle_exception
    self.raise_uncaught_exception(exc)
  File "/home/user/uniproject/venv/lib/python3.8/site-packages/rest_framework/views.py", line 480, in raise_uncaught_exception
    raise exc
  File "/home/user/uniproject/venv/lib/python3.8/site-packages/rest_framework/views.py", line 506, in dispatch
    response = handler(request, *args, **kwargs)
  File "/home/user/uniproject/venv/lib/python3.8/site-packages/rest_framework/generics.py", line 239, in get
    return self.list(request, *args, **kwargs)
  File "/home/user/uniproject/venv/lib/python3.8/site-packages/rest_framework/mixins.py", line 46, in list
    return Response(serializer.data)
  File "/home/user/uniproject/venv/lib/python3.8/site-packages/rest_framework/serializers.py", line 768, in data
    ret = super().data
  File "/home/user/uniproject/venv/lib/python3.8/site-packages/rest_framework/serializers.py", line 253, in data
    self._data = self.to_representation(self.instance)
  File "/home/user/uniproject/venv/lib/python3.8/site-packages/rest_framework/serializers.py", line 686, in to_representation
    return [
  File "/home/user/uniproject/venv/lib/python3.8/site-packages/django/db/models/query.py", line 398, in __iter__
    self._fetch_all()
  File "/home/user/uniproject/venv/lib/python3.8/site-packages/django/db/models/query.py", line 1881, in _fetch_all
    self._result_cache = list(self._iterable_class(self))
  File "/home/user/uniproject/venv/lib/python3.8/site-packages/django/db/models/query.py", line 91, in __iter__
    results = compiler.execute_sql(
  File "/home/user/uniproject/venv/lib/python3.8/site-packages/django/db/models/sql/compiler.py", line 1562, in execute_sql
    cursor.execute(sql, params)
  File "/home/user/uniproject/venv/lib/python3.8/site-packages/django/db/backends/utils.py", line 102, in execute
    return super().execute(sql, params)
  File "/home/user/uniproject/venv/lib/python3.8/site-packages/django/db/backends/utils.py", line 67, in execute
    return self._execute_with_wrappers(
  File "/home/user/uniproject/venv/lib/python3.8/site-packages/django/db/backends/utils.py", line 80, in _execute_with_wrappers
    return executor(sql, params, many, context)
  File "/home/user/uniproject/venv/lib/python3.8/site-packages/django/db/backends/utils.py", line 89, in _execute
    return self.cursor.execute(sql, params)
  File "/home/user/uniproject/venv/lib/python3.8/site-packages/django/db/utils.py", line 91, in __exit__
    raise dj_exc_value.with_traceback(traceback) from exc_value
  File "/home/user/uniproject/venv/lib/python3.8/site-packages/django/db/backends/utils.py", line 89, in _execute
    return self.cursor.execute(sql, params)
  File "/home/user/uniproject/venv/lib/python3.8/site-packages/django/db/backends/sqlite3/base.py", line 328, in execute
    return super().execute(query, params)
django.db.utils.OperationalError: no such column: academic_room.department_id
2023-07-15 09:41:51,025 [ERROR] log - Internal Server Error: /admin/user/professor/
Traceback (most recent call last):
  File "/home/user/uniproject/venv/lib/python3.8/site-packages/django/db/models/options.py", line 681, in get_field
    return self.fields_map[field_name]
KeyError: 'get_classes'

During handling of the above exception, another exception occurred:

Traceback (most recent call last):
  File "/home/user/uniproject/venv/lib/python3.8/site-packages/django/contrib/admin/utils.py", line 272, in lookup_field
    f = _get_non_gfk_field(opts, name)
  File "/home/user/uniproject/venv/lib/python3.8/site-packages/django/contrib/admin/utils.py", line 303, in _get_non_gfk_field
    field = opts.get_field(name)
  File "/home/user/uniproject/venv/lib/python3.8/site-packages/django/db/models/options.py", line 683, in get_field
    raise FieldDoesNotExist(
django.core.exceptions.FieldDoesNotExist: Professor has no field named 'get_classes'

During handling of the above exception, another exception occurred:

Traceback (most recent call last):
  File "/home/user/uniproject/venv/lib/python3.8/site-packages/django/db/models/fields/related_descriptors.py", line 218, in __get__
    rel_obj = self.field.get_cached_value(instance)
  File "/home/user/uniproject/venv/lib/python3.8/site-packages/django/db/models/fields/mixins.py", line 15, in get_cached_value
    return instance._state.fields_cache[cache_name]
KeyError: 'room'

During handling of the above exception, another exception occurred:

Traceback (most recent call last):
  File "/home/user/uniproject/venv/lib/python3.8/site-packages/django/db/backends/utils.py", line 89, in _execute
    return self.cursor.execute(sql, params)
  File "/home/user/uniproject/venv/lib/python3.8/site-packages/django/db/backends/sqlite3/base.py", line 328, in execute
    return super().execute(query, params)
sqlite3.OperationalError: no such column: academic_room.department_id

The above exception was the direct cause of the following exception:

Traceback (most recent call last):
  File "/home/user/uniproject/venv/lib/python3.8/site-packages/django/core/handlers/exception.py", line 55, in inner
    response = get_response(request)
  File "/home/user/uniproject/venv/lib/python3.8/site-packages/django/core/handlers/base.py", line 220, in _get_response
    response = response.render()
  File "/home/user/uniproject/venv/lib/python3.8/site-packages/django/template/response.py", line 114, in render
    self.content = self.rendered_content
  File "/home/user/uniproject/venv/lib/python3.8/site-packages/django/template/response.py", line 92, in rendered_content
    return template.render(context, self._request)
  File "/home/user/uniproject/venv/lib/python3.8/site-packages/django/template/backends/django.py", line 61, in render
    return self.template.render(context)
  File "/home/user/uniproject/venv/lib/python3.8/site-packages/django/template/base.py", line 175, in render
    return self._render(context)
  File "/home/user/uniproject/venv/lib/python3.8/site-packages/django/template/base.py", line 167, in _render
    return self.nodelist.render(context)
  File "/home/user/uniproject/venv/lib/python3.8/site-packages/django/template/base.py", line 1005, in render
    return SafeString("".join([node.render_annotated(context) for node in self]))
  File "/home/user/uniproject/venv/lib/python3.8/site-packages/django/template/base.py", line 1005, in <listcomp>
    return SafeString("".join([node.render_annotated(context) for node in self]))
  File "/home/user/uniproject/venv/lib/python3.8/site-packages/django/template/base.py", line 966, in render_annotated
    return self.render(context)
  File "/home/user/uniproject/venv/lib/python3.8/site-packages/django/template/loader_tags.py", line 157, in render
    return compiled_parent._render(context)
  File "/home/user/uniproject/venv/lib/python3.8/site-packages/django/template/base.py", line 167, in _render
    return self.nodelist.render(context)
  File "/home/user/uniproject/venv/lib/python3.8/site-packages/django/template/base.py", line 1005, in render
    return SafeString("".join([node.render_annotated(context) for node in self]))
  File "/home/user/uniproject/venv/lib/python3.8/site-packages/django/template/base.py", line 1005, in <listcomp>
    return SafeString("".join([node.render_annotated(context) for node in self]))
  File "/home/user/uniproject/venv/lib/python3.8/site-packages/django/template/base.py", line 966, in render_annotated
    return self.render(context)
  File "/home/user/uniproject/venv/lib/python3.8/site-packages/django/template/loader_tags.py", line 157, in render
    return compiled_parent._render(context)
  File "/home/user/uniproject/venv/lib/python3.8/site-packages/django/template/base.py", line 167, in _render
    return self.nodelist.render(context)
  File "/home/user/uniproject/venv/lib/python3.8/site-packages/django/template/base.py", line 1005, in render
    return SafeString("".join([node.render_annotated(context) for node in self]))
  File "/home/user/uniproject/venv/lib/python3.8/site-packages/django/template/base.py", line 1005, in <listcomp>
    return SafeString("".join([node.render_annotated(context) for node in self]))
  File "/home/user/uniproject/venv/lib/python3.8/site-packages/django/template/base.py", line 966, in render_annotated
    return self.render(context)
  File "/home/user/uniproject/venv/lib/python3.8/site-packages/django/template/loader_tags.py", line 63, in render
    result = block.nodelist.render(context)
  File "/home/user/uniproject/venv/lib/python3.8/site-packages/django/template/base.py", line 1005, in render
    return SafeString("".join([node.render_annotated(context) for node in self]))
  File "/home/user/uniproject/venv/lib/python3.8/site-packages/django/template/base.py", line 1005, in <listcomp>
    return SafeString("".join([node.render_annotated(context) for node in self]))
  File "/home/user/uniproject/venv/lib/python3.8/site-packages/django/template/base.py", line 966, in render_annotated
    return self.render(context)
  File "/home/user/uniproject/venv/lib/python3.8/site-packages/django/template/loader_tags.py", line 63, in render
    result = block.nodelist.render(context)
  File "/home/user/uniproject/venv/lib/python3.8/site-packages/django/template/base.py", line 1005, in render
    return SafeString("".join([node.render_annotated(context) for node in self]))
  File "/home/user/uniproject/venv/lib/python3.8/site-packages/django/template/base.py", line 1005, in <listcomp>
    return SafeString("".join([node.render_annotated(context) for node in self]))
  File "/home/user/uniproject/venv/lib/python3.8/site-packages/django/template/base.py", line 966, in render_annotated
    return self.render(context)
  File "/home/user/uniproject/venv/lib/python3.8/site-packages/django/contrib/admin/templatetags/base.py", line 45, in render
    return super().render(context)
  File "/home/user/uniproject/venv/lib/python3.8/site-packages/django/template/library.py", line 258, in render
    _dict = self.func(*resolved_args, **resolved_kwargs)
  File "/home/user/uniproject/venv/lib/python3.8/site-packages/django/contrib/admin/templatetags/admin_list.py", line 336, in result_list
    "results": list(results(cl)),
  File "/home/user/uniproject/venv/lib/python3.8/site-packages/django/contrib/admin/templatetags/admin_list.py", line 312, in results
    yield ResultList(None, items_for_result(cl, res, None))
  File "/home/user/uniproject/venv/lib/python3.8/site-packages/django/contrib/admin/templatetags/admin_list.py", line 303, in __init__
    super().__init__(*items)
  File "/home/user/uniproject/venv/lib/python3.8/site-packages/django/contrib/admin/templatetags/admin_list.py", line 213, in items_for_result
    f, attr, value = lookup_field(field_name, result, cl.model_admin)
  File "/home/user/uniproject/venv/lib/python3.8/site-packages/django/contrib/admin/utils.py", line 281, in lookup_field
    value = attr(obj)
  File "/home/user/uniproject/user/admin.py", line 52, in get_classes
    return ', '.join(str(cls) for cls in classes)
  File "/home/user/uniproject/user/admin.py", line 52, in <genexpr>
    return ', '.join(str(cls) for cls in classes)
  File "/home/user/uniproject/academic/models.py", line 50, in __str__
    return f'{self.course} in {self.room} on {self.days_of_week}'
  File "/home/user/uniproject/venv/lib/python3.8/site-packages/django/db/models/fields/related_descriptors.py", line 236, in __get__
    rel_obj = self.get_object(instance)
  File "/home/user/uniproject/venv/lib/python3.8/site-packages/django/db/models/fields/related_descriptors.py", line 199, in get_object
    return qs.get(self.field.get_reverse_related_filter(instance))
  File "/home/user/uniproject/venv/lib/python3.8/site-packages/django/db/models/query.py", line 633, in get
    num = len(clone)
  File "/home/user/uniproject/venv/lib/python3.8/site-packages/django/db/models/query.py", line 380, in __len__
    self._fetch_all()
  File "/home/user/uniproject/venv/lib/python3.8/site-packages/django/db/models/query.py", line 1881, in _fetch_all
    self._result_cache = list(self._iterable_class(self))
  File "/home/user/uniproject/venv/lib/python3.8/site-packages/django/db/models/query.py", line 91, in __iter__
    results = compiler.execute_sql(
  File "/home/user/uniproject/venv/lib/python3.8/site-packages/django/db/models/sql/compiler.py", line 1562, in execute_sql
    cursor.execute(sql, params)
  File "/home/user/uniproject/venv/lib/python3.8/site-packages/django/db/backends/utils.py", line 102, in execute
    return super().execute(sql, params)
  File "/home/user/uniproject/venv/lib/python3.8/site-packages/django/db/backends/utils.py", line 67, in execute
    return self._execute_with_wrappers(
  File "/home/user/uniproject/venv/lib/python3.8/site-packages/django/db/backends/utils.py", line 80, in _execute_with_wrappers
    return executor(sql, params, many, context)
  File "/home/user/uniproject/venv/lib/python3.8/site-packages/django/db/backends/utils.py", line 89, in _execute
    return self.cursor.execute(sql, params)
  File "/home/user/uniproject/venv/lib/python3.8/site-packages/django/db/utils.py", line 91, in __exit__
    raise dj_exc_value.with_traceback(traceback) from exc_value
  File "/home/user/uniproject/venv/lib/python3.8/site-packages/django/db/backends/utils.py", line 89, in _execute
    return self.cursor.execute(sql, params)
  File "/home/user/uniproject/venv/lib/python3.8/site-packages/django/db/backends/sqlite3/base.py", line 328, in execute
    return super().execute(query, params)
django.db.utils.OperationalError: no such column: academic_room.department_id
2023-07-15 09:42:03,473 [ERROR] log - Internal Server Error: /admin/user/professor/
Traceback (most recent call last):
  File "/home/user/uniproject/venv/lib/python3.8/site-packages/django/db/models/options.py", line 681, in get_field
    return self.fields_map[field_name]
KeyError: 'get_classes'

During handling of the above exception, another exception occurred:

Traceback (most recent call last):
  File "/home/user/uniproject/venv/lib/python3.8/site-packages/django/contrib/admin/utils.py", line 272, in lookup_field
    f = _get_non_gfk_field(opts, name)
  File "/home/user/uniproject/venv/lib/python3.8/site-packages/django/contrib/admin/utils.py", line 303, in _get_non_gfk_field
    field = opts.get_field(name)
  File "/home/user/uniproject/venv/lib/python3.8/site-packages/django/db/models/options.py", line 683, in get_field
    raise FieldDoesNotExist(
django.core.exceptions.FieldDoesNotExist: Professor has no field named 'get_classes'

During handling of the above exception, another exception occurred:

Traceback (most recent call last):
  File "/home/user/uniproject/venv/lib/python3.8/site-packages/django/db/models/fields/related_descriptors.py", line 218, in __get__
    rel_obj = self.field.get_cached_value(instance)
  File "/home/user/uniproject/venv/lib/python3.8/site-packages/django/db/models/fields/mixins.py", line 15, in get_cached_value
    return instance._state.fields_cache[cache_name]
KeyError: 'room'

During handling of the above exception, another exception occurred:

Traceback (most recent call last):
  File "/home/user/uniproject/venv/lib/python3.8/site-packages/django/db/backends/utils.py", line 89, in _execute
    return self.cursor.execute(sql, params)
  File "/home/user/uniproject/venv/lib/python3.8/site-packages/django/db/backends/sqlite3/base.py", line 328, in execute
    return super().execute(query, params)
sqlite3.OperationalError: no such column: academic_room.department_id

The above exception was the direct cause of the following exception:

Traceback (most recent call last):
  File "/home/user/uniproject/venv/lib/python3.8/site-packages/django/core/handlers/exception.py", line 55, in inner
    response = get_response(request)
  File "/home/user/uniproject/venv/lib/python3.8/site-packages/django/core/handlers/base.py", line 220, in _get_response
    response = response.render()
  File "/home/user/uniproject/venv/lib/python3.8/site-packages/django/template/response.py", line 114, in render
    self.content = self.rendered_content
  File "/home/user/uniproject/venv/lib/python3.8/site-packages/django/template/response.py", line 92, in rendered_content
    return template.render(context, self._request)
  File "/home/user/uniproject/venv/lib/python3.8/site-packages/django/template/backends/django.py", line 61, in render
    return self.template.render(context)
  File "/home/user/uniproject/venv/lib/python3.8/site-packages/django/template/base.py", line 175, in render
    return self._render(context)
  File "/home/user/uniproject/venv/lib/python3.8/site-packages/django/template/base.py", line 167, in _render
    return self.nodelist.render(context)
  File "/home/user/uniproject/venv/lib/python3.8/site-packages/django/template/base.py", line 1005, in render
    return SafeString("".join([node.render_annotated(context) for node in self]))
  File "/home/user/uniproject/venv/lib/python3.8/site-packages/django/template/base.py", line 1005, in <listcomp>
    return SafeString("".join([node.render_annotated(context) for node in self]))
  File "/home/user/uniproject/venv/lib/python3.8/site-packages/django/template/base.py", line 966, in render_annotated
    return self.render(context)
  File "/home/user/uniproject/venv/lib/python3.8/site-packages/django/template/loader_tags.py", line 157, in render
    return compiled_parent._render(context)
  File "/home/user/uniproject/venv/lib/python3.8/site-packages/django/template/base.py", line 167, in _render
    return self.nodelist.render(context)
  File "/home/user/uniproject/venv/lib/python3.8/site-packages/django/template/base.py", line 1005, in render
    return SafeString("".join([node.render_annotated(context) for node in self]))
  File "/home/user/uniproject/venv/lib/python3.8/site-packages/django/template/base.py", line 1005, in <listcomp>
    return SafeString("".join([node.render_annotated(context) for node in self]))
  File "/home/user/uniproject/venv/lib/python3.8/site-packages/django/template/base.py", line 966, in render_annotated
    return self.render(context)
  File "/home/user/uniproject/venv/lib/python3.8/site-packages/django/template/loader_tags.py", line 157, in render
    return compiled_parent._render(context)
  File "/home/user/uniproject/venv/lib/python3.8/site-packages/django/template/base.py", line 167, in _render
    return self.nodelist.render(context)
  File "/home/user/uniproject/venv/lib/python3.8/site-packages/django/template/base.py", line 1005, in render
    return SafeString("".join([node.render_annotated(context) for node in self]))
  File "/home/user/uniproject/venv/lib/python3.8/site-packages/django/template/base.py", line 1005, in <listcomp>
    return SafeString("".join([node.render_annotated(context) for node in self]))
  File "/home/user/uniproject/venv/lib/python3.8/site-packages/django/template/base.py", line 966, in render_annotated
    return self.render(context)
  File "/home/user/uniproject/venv/lib/python3.8/site-packages/django/template/loader_tags.py", line 63, in render
    result = block.nodelist.render(context)
  File "/home/user/uniproject/venv/lib/python3.8/site-packages/django/template/base.py", line 1005, in render
    return SafeString("".join([node.render_annotated(context) for node in self]))
  File "/home/user/uniproject/venv/lib/python3.8/site-packages/django/template/base.py", line 1005, in <listcomp>
    return SafeString("".join([node.render_annotated(context) for node in self]))
  File "/home/user/uniproject/venv/lib/python3.8/site-packages/django/template/base.py", line 966, in render_annotated
    return self.render(context)
  File "/home/user/uniproject/venv/lib/python3.8/site-packages/django/template/loader_tags.py", line 63, in render
    result = block.nodelist.render(context)
  File "/home/user/uniproject/venv/lib/python3.8/site-packages/django/template/base.py", line 1005, in render
    return SafeString("".join([node.render_annotated(context) for node in self]))
  File "/home/user/uniproject/venv/lib/python3.8/site-packages/django/template/base.py", line 1005, in <listcomp>
    return SafeString("".join([node.render_annotated(context) for node in self]))
  File "/home/user/uniproject/venv/lib/python3.8/site-packages/django/template/base.py", line 966, in render_annotated
    return self.render(context)
  File "/home/user/uniproject/venv/lib/python3.8/site-packages/django/contrib/admin/templatetags/base.py", line 45, in render
    return super().render(context)
  File "/home/user/uniproject/venv/lib/python3.8/site-packages/django/template/library.py", line 258, in render
    _dict = self.func(*resolved_args, **resolved_kwargs)
  File "/home/user/uniproject/venv/lib/python3.8/site-packages/django/contrib/admin/templatetags/admin_list.py", line 336, in result_list
    "results": list(results(cl)),
  File "/home/user/uniproject/venv/lib/python3.8/site-packages/django/contrib/admin/templatetags/admin_list.py", line 312, in results
    yield ResultList(None, items_for_result(cl, res, None))
  File "/home/user/uniproject/venv/lib/python3.8/site-packages/django/contrib/admin/templatetags/admin_list.py", line 303, in __init__
    super().__init__(*items)
  File "/home/user/uniproject/venv/lib/python3.8/site-packages/django/contrib/admin/templatetags/admin_list.py", line 213, in items_for_result
    f, attr, value = lookup_field(field_name, result, cl.model_admin)
  File "/home/user/uniproject/venv/lib/python3.8/site-packages/django/contrib/admin/utils.py", line 281, in lookup_field
    value = attr(obj)
  File "/home/user/uniproject/user/admin.py", line 52, in get_classes
    return ', '.join(str(cls) for cls in classes)
  File "/home/user/uniproject/user/admin.py", line 52, in <genexpr>
    return ', '.join(str(cls) for cls in classes)
  File "/home/user/uniproject/academic/models.py", line 50, in __str__
    return f'{self.course} in {self.room} on {self.days_of_week}'
  File "/home/user/uniproject/venv/lib/python3.8/site-packages/django/db/models/fields/related_descriptors.py", line 236, in __get__
    rel_obj = self.get_object(instance)
  File "/home/user/uniproject/venv/lib/python3.8/site-packages/django/db/models/fields/related_descriptors.py", line 199, in get_object
    return qs.get(self.field.get_reverse_related_filter(instance))
  File "/home/user/uniproject/venv/lib/python3.8/site-packages/django/db/models/query.py", line 633, in get
    num = len(clone)
  File "/home/user/uniproject/venv/lib/python3.8/site-packages/django/db/models/query.py", line 380, in __len__
    self._fetch_all()
  File "/home/user/uniproject/venv/lib/python3.8/site-packages/django/db/models/query.py", line 1881, in _fetch_all
    self._result_cache = list(self._iterable_class(self))
  File "/home/user/uniproject/venv/lib/python3.8/site-packages/django/db/models/query.py", line 91, in __iter__
    results = compiler.execute_sql(
  File "/home/user/uniproject/venv/lib/python3.8/site-packages/django/db/models/sql/compiler.py", line 1562, in execute_sql
    cursor.execute(sql, params)
  File "/home/user/uniproject/venv/lib/python3.8/site-packages/django/db/backends/utils.py", line 102, in execute
    return super().execute(sql, params)
  File "/home/user/uniproject/venv/lib/python3.8/site-packages/django/db/backends/utils.py", line 67, in execute
    return self._execute_with_wrappers(
  File "/home/user/uniproject/venv/lib/python3.8/site-packages/django/db/backends/utils.py", line 80, in _execute_with_wrappers
    return executor(sql, params, many, context)
  File "/home/user/uniproject/venv/lib/python3.8/site-packages/django/db/backends/utils.py", line 89, in _execute
    return self.cursor.execute(sql, params)
  File "/home/user/uniproject/venv/lib/python3.8/site-packages/django/db/utils.py", line 91, in __exit__
    raise dj_exc_value.with_traceback(traceback) from exc_value
  File "/home/user/uniproject/venv/lib/python3.8/site-packages/django/db/backends/utils.py", line 89, in _execute
    return self.cursor.execute(sql, params)
  File "/home/user/uniproject/venv/lib/python3.8/site-packages/django/db/backends/sqlite3/base.py", line 328, in execute
    return super().execute(query, params)
django.db.utils.OperationalError: no such column: academic_room.department_id
2023-07-15 09:43:19,657 [INFO] autoreload - Watching for file changes with StatReloader
2023-07-15 09:43:25,969 [ERROR] log - Internal Server Error: /admin/user/professor/
Traceback (most recent call last):
  File "/home/user/uniproject/venv/lib/python3.8/site-packages/django/db/models/options.py", line 681, in get_field
    return self.fields_map[field_name]
KeyError: 'get_classes'

During handling of the above exception, another exception occurred:

Traceback (most recent call last):
  File "/home/user/uniproject/venv/lib/python3.8/site-packages/django/contrib/admin/utils.py", line 272, in lookup_field
    f = _get_non_gfk_field(opts, name)
  File "/home/user/uniproject/venv/lib/python3.8/site-packages/django/contrib/admin/utils.py", line 303, in _get_non_gfk_field
    field = opts.get_field(name)
  File "/home/user/uniproject/venv/lib/python3.8/site-packages/django/db/models/options.py", line 683, in get_field
    raise FieldDoesNotExist(
django.core.exceptions.FieldDoesNotExist: Professor has no field named 'get_classes'

During handling of the above exception, another exception occurred:

Traceback (most recent call last):
  File "/home/user/uniproject/venv/lib/python3.8/site-packages/django/db/models/fields/related_descriptors.py", line 218, in __get__
    rel_obj = self.field.get_cached_value(instance)
  File "/home/user/uniproject/venv/lib/python3.8/site-packages/django/db/models/fields/mixins.py", line 15, in get_cached_value
    return instance._state.fields_cache[cache_name]
KeyError: 'room'

During handling of the above exception, another exception occurred:

Traceback (most recent call last):
  File "/home/user/uniproject/venv/lib/python3.8/site-packages/django/db/backends/utils.py", line 89, in _execute
    return self.cursor.execute(sql, params)
  File "/home/user/uniproject/venv/lib/python3.8/site-packages/django/db/backends/sqlite3/base.py", line 328, in execute
    return super().execute(query, params)
sqlite3.OperationalError: no such column: academic_room.department_id

The above exception was the direct cause of the following exception:

Traceback (most recent call last):
  File "/home/user/uniproject/venv/lib/python3.8/site-packages/django/core/handlers/exception.py", line 55, in inner
    response = get_response(request)
  File "/home/user/uniproject/venv/lib/python3.8/site-packages/django/core/handlers/base.py", line 220, in _get_response
    response = response.render()
  File "/home/user/uniproject/venv/lib/python3.8/site-packages/django/template/response.py", line 114, in render
    self.content = self.rendered_content
  File "/home/user/uniproject/venv/lib/python3.8/site-packages/django/template/response.py", line 92, in rendered_content
    return template.render(context, self._request)
  File "/home/user/uniproject/venv/lib/python3.8/site-packages/django/template/backends/django.py", line 61, in render
    return self.template.render(context)
  File "/home/user/uniproject/venv/lib/python3.8/site-packages/django/template/base.py", line 175, in render
    return self._render(context)
  File "/home/user/uniproject/venv/lib/python3.8/site-packages/django/template/base.py", line 167, in _render
    return self.nodelist.render(context)
  File "/home/user/uniproject/venv/lib/python3.8/site-packages/django/template/base.py", line 1005, in render
    return SafeString("".join([node.render_annotated(context) for node in self]))
  File "/home/user/uniproject/venv/lib/python3.8/site-packages/django/template/base.py", line 1005, in <listcomp>
    return SafeString("".join([node.render_annotated(context) for node in self]))
  File "/home/user/uniproject/venv/lib/python3.8/site-packages/django/template/base.py", line 966, in render_annotated
    return self.render(context)
  File "/home/user/uniproject/venv/lib/python3.8/site-packages/django/template/loader_tags.py", line 157, in render
    return compiled_parent._render(context)
  File "/home/user/uniproject/venv/lib/python3.8/site-packages/django/template/base.py", line 167, in _render
    return self.nodelist.render(context)
  File "/home/user/uniproject/venv/lib/python3.8/site-packages/django/template/base.py", line 1005, in render
    return SafeString("".join([node.render_annotated(context) for node in self]))
  File "/home/user/uniproject/venv/lib/python3.8/site-packages/django/template/base.py", line 1005, in <listcomp>
    return SafeString("".join([node.render_annotated(context) for node in self]))
  File "/home/user/uniproject/venv/lib/python3.8/site-packages/django/template/base.py", line 966, in render_annotated
    return self.render(context)
  File "/home/user/uniproject/venv/lib/python3.8/site-packages/django/template/loader_tags.py", line 157, in render
    return compiled_parent._render(context)
  File "/home/user/uniproject/venv/lib/python3.8/site-packages/django/template/base.py", line 167, in _render
    return self.nodelist.render(context)
  File "/home/user/uniproject/venv/lib/python3.8/site-packages/django/template/base.py", line 1005, in render
    return SafeString("".join([node.render_annotated(context) for node in self]))
  File "/home/user/uniproject/venv/lib/python3.8/site-packages/django/template/base.py", line 1005, in <listcomp>
    return SafeString("".join([node.render_annotated(context) for node in self]))
  File "/home/user/uniproject/venv/lib/python3.8/site-packages/django/template/base.py", line 966, in render_annotated
    return self.render(context)
  File "/home/user/uniproject/venv/lib/python3.8/site-packages/django/template/loader_tags.py", line 63, in render
    result = block.nodelist.render(context)
  File "/home/user/uniproject/venv/lib/python3.8/site-packages/django/template/base.py", line 1005, in render
    return SafeString("".join([node.render_annotated(context) for node in self]))
  File "/home/user/uniproject/venv/lib/python3.8/site-packages/django/template/base.py", line 1005, in <listcomp>
    return SafeString("".join([node.render_annotated(context) for node in self]))
  File "/home/user/uniproject/venv/lib/python3.8/site-packages/django/template/base.py", line 966, in render_annotated
    return self.render(context)
  File "/home/user/uniproject/venv/lib/python3.8/site-packages/django/template/loader_tags.py", line 63, in render
    result = block.nodelist.render(context)
  File "/home/user/uniproject/venv/lib/python3.8/site-packages/django/template/base.py", line 1005, in render
    return SafeString("".join([node.render_annotated(context) for node in self]))
  File "/home/user/uniproject/venv/lib/python3.8/site-packages/django/template/base.py", line 1005, in <listcomp>
    return SafeString("".join([node.render_annotated(context) for node in self]))
  File "/home/user/uniproject/venv/lib/python3.8/site-packages/django/template/base.py", line 966, in render_annotated
    return self.render(context)
  File "/home/user/uniproject/venv/lib/python3.8/site-packages/django/contrib/admin/templatetags/base.py", line 45, in render
    return super().render(context)
  File "/home/user/uniproject/venv/lib/python3.8/site-packages/django/template/library.py", line 258, in render
    _dict = self.func(*resolved_args, **resolved_kwargs)
  File "/home/user/uniproject/venv/lib/python3.8/site-packages/django/contrib/admin/templatetags/admin_list.py", line 336, in result_list
    "results": list(results(cl)),
  File "/home/user/uniproject/venv/lib/python3.8/site-packages/django/contrib/admin/templatetags/admin_list.py", line 312, in results
    yield ResultList(None, items_for_result(cl, res, None))
  File "/home/user/uniproject/venv/lib/python3.8/site-packages/django/contrib/admin/templatetags/admin_list.py", line 303, in __init__
    super().__init__(*items)
  File "/home/user/uniproject/venv/lib/python3.8/site-packages/django/contrib/admin/templatetags/admin_list.py", line 213, in items_for_result
    f, attr, value = lookup_field(field_name, result, cl.model_admin)
  File "/home/user/uniproject/venv/lib/python3.8/site-packages/django/contrib/admin/utils.py", line 281, in lookup_field
    value = attr(obj)
  File "/home/user/uniproject/user/admin.py", line 52, in get_classes
    return ', '.join(str(cls) for cls in classes)
  File "/home/user/uniproject/user/admin.py", line 52, in <genexpr>
    return ', '.join(str(cls) for cls in classes)
  File "/home/user/uniproject/academic/models.py", line 50, in __str__
    return f'{self.course} in {self.room} on {self.days_of_week}'
  File "/home/user/uniproject/venv/lib/python3.8/site-packages/django/db/models/fields/related_descriptors.py", line 236, in __get__
    rel_obj = self.get_object(instance)
  File "/home/user/uniproject/venv/lib/python3.8/site-packages/django/db/models/fields/related_descriptors.py", line 199, in get_object
    return qs.get(self.field.get_reverse_related_filter(instance))
  File "/home/user/uniproject/venv/lib/python3.8/site-packages/django/db/models/query.py", line 633, in get
    num = len(clone)
  File "/home/user/uniproject/venv/lib/python3.8/site-packages/django/db/models/query.py", line 380, in __len__
    self._fetch_all()
  File "/home/user/uniproject/venv/lib/python3.8/site-packages/django/db/models/query.py", line 1881, in _fetch_all
    self._result_cache = list(self._iterable_class(self))
  File "/home/user/uniproject/venv/lib/python3.8/site-packages/django/db/models/query.py", line 91, in __iter__
    results = compiler.execute_sql(
  File "/home/user/uniproject/venv/lib/python3.8/site-packages/django/db/models/sql/compiler.py", line 1562, in execute_sql
    cursor.execute(sql, params)
  File "/home/user/uniproject/venv/lib/python3.8/site-packages/django/db/backends/utils.py", line 102, in execute
    return super().execute(sql, params)
  File "/home/user/uniproject/venv/lib/python3.8/site-packages/django/db/backends/utils.py", line 67, in execute
    return self._execute_with_wrappers(
  File "/home/user/uniproject/venv/lib/python3.8/site-packages/django/db/backends/utils.py", line 80, in _execute_with_wrappers
    return executor(sql, params, many, context)
  File "/home/user/uniproject/venv/lib/python3.8/site-packages/django/db/backends/utils.py", line 89, in _execute
    return self.cursor.execute(sql, params)
  File "/home/user/uniproject/venv/lib/python3.8/site-packages/django/db/utils.py", line 91, in __exit__
    raise dj_exc_value.with_traceback(traceback) from exc_value
  File "/home/user/uniproject/venv/lib/python3.8/site-packages/django/db/backends/utils.py", line 89, in _execute
    return self.cursor.execute(sql, params)
  File "/home/user/uniproject/venv/lib/python3.8/site-packages/django/db/backends/sqlite3/base.py", line 328, in execute
    return super().execute(query, params)
django.db.utils.OperationalError: no such column: academic_room.department_id
2023-07-15 09:43:27,491 [ERROR] log - Internal Server Error: /admin/user/professor/
Traceback (most recent call last):
  File "/home/user/uniproject/venv/lib/python3.8/site-packages/django/db/models/options.py", line 681, in get_field
    return self.fields_map[field_name]
KeyError: 'get_classes'

During handling of the above exception, another exception occurred:

Traceback (most recent call last):
  File "/home/user/uniproject/venv/lib/python3.8/site-packages/django/contrib/admin/utils.py", line 272, in lookup_field
    f = _get_non_gfk_field(opts, name)
  File "/home/user/uniproject/venv/lib/python3.8/site-packages/django/contrib/admin/utils.py", line 303, in _get_non_gfk_field
    field = opts.get_field(name)
  File "/home/user/uniproject/venv/lib/python3.8/site-packages/django/db/models/options.py", line 683, in get_field
    raise FieldDoesNotExist(
django.core.exceptions.FieldDoesNotExist: Professor has no field named 'get_classes'

During handling of the above exception, another exception occurred:

Traceback (most recent call last):
  File "/home/user/uniproject/venv/lib/python3.8/site-packages/django/db/models/fields/related_descriptors.py", line 218, in __get__
    rel_obj = self.field.get_cached_value(instance)
  File "/home/user/uniproject/venv/lib/python3.8/site-packages/django/db/models/fields/mixins.py", line 15, in get_cached_value
    return instance._state.fields_cache[cache_name]
KeyError: 'room'

During handling of the above exception, another exception occurred:

Traceback (most recent call last):
  File "/home/user/uniproject/venv/lib/python3.8/site-packages/django/db/backends/utils.py", line 89, in _execute
    return self.cursor.execute(sql, params)
  File "/home/user/uniproject/venv/lib/python3.8/site-packages/django/db/backends/sqlite3/base.py", line 328, in execute
    return super().execute(query, params)
sqlite3.OperationalError: no such column: academic_room.department_id

The above exception was the direct cause of the following exception:

Traceback (most recent call last):
  File "/home/user/uniproject/venv/lib/python3.8/site-packages/django/core/handlers/exception.py", line 55, in inner
    response = get_response(request)
  File "/home/user/uniproject/venv/lib/python3.8/site-packages/django/core/handlers/base.py", line 220, in _get_response
    response = response.render()
  File "/home/user/uniproject/venv/lib/python3.8/site-packages/django/template/response.py", line 114, in render
    self.content = self.rendered_content
  File "/home/user/uniproject/venv/lib/python3.8/site-packages/django/template/response.py", line 92, in rendered_content
    return template.render(context, self._request)
  File "/home/user/uniproject/venv/lib/python3.8/site-packages/django/template/backends/django.py", line 61, in render
    return self.template.render(context)
  File "/home/user/uniproject/venv/lib/python3.8/site-packages/django/template/base.py", line 175, in render
    return self._render(context)
  File "/home/user/uniproject/venv/lib/python3.8/site-packages/django/template/base.py", line 167, in _render
    return self.nodelist.render(context)
  File "/home/user/uniproject/venv/lib/python3.8/site-packages/django/template/base.py", line 1005, in render
    return SafeString("".join([node.render_annotated(context) for node in self]))
  File "/home/user/uniproject/venv/lib/python3.8/site-packages/django/template/base.py", line 1005, in <listcomp>
    return SafeString("".join([node.render_annotated(context) for node in self]))
  File "/home/user/uniproject/venv/lib/python3.8/site-packages/django/template/base.py", line 966, in render_annotated
    return self.render(context)
  File "/home/user/uniproject/venv/lib/python3.8/site-packages/django/template/loader_tags.py", line 157, in render
    return compiled_parent._render(context)
  File "/home/user/uniproject/venv/lib/python3.8/site-packages/django/template/base.py", line 167, in _render
    return self.nodelist.render(context)
  File "/home/user/uniproject/venv/lib/python3.8/site-packages/django/template/base.py", line 1005, in render
    return SafeString("".join([node.render_annotated(context) for node in self]))
  File "/home/user/uniproject/venv/lib/python3.8/site-packages/django/template/base.py", line 1005, in <listcomp>
    return SafeString("".join([node.render_annotated(context) for node in self]))
  File "/home/user/uniproject/venv/lib/python3.8/site-packages/django/template/base.py", line 966, in render_annotated
    return self.render(context)
  File "/home/user/uniproject/venv/lib/python3.8/site-packages/django/template/loader_tags.py", line 157, in render
    return compiled_parent._render(context)
  File "/home/user/uniproject/venv/lib/python3.8/site-packages/django/template/base.py", line 167, in _render
    return self.nodelist.render(context)
  File "/home/user/uniproject/venv/lib/python3.8/site-packages/django/template/base.py", line 1005, in render
    return SafeString("".join([node.render_annotated(context) for node in self]))
  File "/home/user/uniproject/venv/lib/python3.8/site-packages/django/template/base.py", line 1005, in <listcomp>
    return SafeString("".join([node.render_annotated(context) for node in self]))
  File "/home/user/uniproject/venv/lib/python3.8/site-packages/django/template/base.py", line 966, in render_annotated
    return self.render(context)
  File "/home/user/uniproject/venv/lib/python3.8/site-packages/django/template/loader_tags.py", line 63, in render
    result = block.nodelist.render(context)
  File "/home/user/uniproject/venv/lib/python3.8/site-packages/django/template/base.py", line 1005, in render
    return SafeString("".join([node.render_annotated(context) for node in self]))
  File "/home/user/uniproject/venv/lib/python3.8/site-packages/django/template/base.py", line 1005, in <listcomp>
    return SafeString("".join([node.render_annotated(context) for node in self]))
  File "/home/user/uniproject/venv/lib/python3.8/site-packages/django/template/base.py", line 966, in render_annotated
    return self.render(context)
  File "/home/user/uniproject/venv/lib/python3.8/site-packages/django/template/loader_tags.py", line 63, in render
    result = block.nodelist.render(context)
  File "/home/user/uniproject/venv/lib/python3.8/site-packages/django/template/base.py", line 1005, in render
    return SafeString("".join([node.render_annotated(context) for node in self]))
  File "/home/user/uniproject/venv/lib/python3.8/site-packages/django/template/base.py", line 1005, in <listcomp>
    return SafeString("".join([node.render_annotated(context) for node in self]))
  File "/home/user/uniproject/venv/lib/python3.8/site-packages/django/template/base.py", line 966, in render_annotated
    return self.render(context)
  File "/home/user/uniproject/venv/lib/python3.8/site-packages/django/contrib/admin/templatetags/base.py", line 45, in render
    return super().render(context)
  File "/home/user/uniproject/venv/lib/python3.8/site-packages/django/template/library.py", line 258, in render
    _dict = self.func(*resolved_args, **resolved_kwargs)
  File "/home/user/uniproject/venv/lib/python3.8/site-packages/django/contrib/admin/templatetags/admin_list.py", line 336, in result_list
    "results": list(results(cl)),
  File "/home/user/uniproject/venv/lib/python3.8/site-packages/django/contrib/admin/templatetags/admin_list.py", line 312, in results
    yield ResultList(None, items_for_result(cl, res, None))
  File "/home/user/uniproject/venv/lib/python3.8/site-packages/django/contrib/admin/templatetags/admin_list.py", line 303, in __init__
    super().__init__(*items)
  File "/home/user/uniproject/venv/lib/python3.8/site-packages/django/contrib/admin/templatetags/admin_list.py", line 213, in items_for_result
    f, attr, value = lookup_field(field_name, result, cl.model_admin)
  File "/home/user/uniproject/venv/lib/python3.8/site-packages/django/contrib/admin/utils.py", line 281, in lookup_field
    value = attr(obj)
  File "/home/user/uniproject/user/admin.py", line 52, in get_classes
    return ', '.join(str(cls) for cls in classes)
  File "/home/user/uniproject/user/admin.py", line 52, in <genexpr>
    return ', '.join(str(cls) for cls in classes)
  File "/home/user/uniproject/academic/models.py", line 50, in __str__
    return f'{self.course} in {self.room} on {self.days_of_week}'
  File "/home/user/uniproject/venv/lib/python3.8/site-packages/django/db/models/fields/related_descriptors.py", line 236, in __get__
    rel_obj = self.get_object(instance)
  File "/home/user/uniproject/venv/lib/python3.8/site-packages/django/db/models/fields/related_descriptors.py", line 199, in get_object
    return qs.get(self.field.get_reverse_related_filter(instance))
  File "/home/user/uniproject/venv/lib/python3.8/site-packages/django/db/models/query.py", line 633, in get
    num = len(clone)
  File "/home/user/uniproject/venv/lib/python3.8/site-packages/django/db/models/query.py", line 380, in __len__
    self._fetch_all()
  File "/home/user/uniproject/venv/lib/python3.8/site-packages/django/db/models/query.py", line 1881, in _fetch_all
    self._result_cache = list(self._iterable_class(self))
  File "/home/user/uniproject/venv/lib/python3.8/site-packages/django/db/models/query.py", line 91, in __iter__
    results = compiler.execute_sql(
  File "/home/user/uniproject/venv/lib/python3.8/site-packages/django/db/models/sql/compiler.py", line 1562, in execute_sql
    cursor.execute(sql, params)
  File "/home/user/uniproject/venv/lib/python3.8/site-packages/django/db/backends/utils.py", line 102, in execute
    return super().execute(sql, params)
  File "/home/user/uniproject/venv/lib/python3.8/site-packages/django/db/backends/utils.py", line 67, in execute
    return self._execute_with_wrappers(
  File "/home/user/uniproject/venv/lib/python3.8/site-packages/django/db/backends/utils.py", line 80, in _execute_with_wrappers
    return executor(sql, params, many, context)
  File "/home/user/uniproject/venv/lib/python3.8/site-packages/django/db/backends/utils.py", line 89, in _execute
    return self.cursor.execute(sql, params)
  File "/home/user/uniproject/venv/lib/python3.8/site-packages/django/db/utils.py", line 91, in __exit__
    raise dj_exc_value.with_traceback(traceback) from exc_value
  File "/home/user/uniproject/venv/lib/python3.8/site-packages/django/db/backends/utils.py", line 89, in _execute
    return self.cursor.execute(sql, params)
  File "/home/user/uniproject/venv/lib/python3.8/site-packages/django/db/backends/sqlite3/base.py", line 328, in execute
    return super().execute(query, params)
django.db.utils.OperationalError: no such column: academic_room.department_id
2023-07-15 09:46:08,911 [INFO] autoreload - Watching for file changes with StatReloader
